challenges/codeeval/235/ccardona.py:6:13: E231 missing whitespace after ':'
challenges/codeeval/235/ccardona.py:6:16: E231 missing whitespace after ','
challenges/codeeval/235/ccardona.py:6:20: E231 missing whitespace after ':'
challenges/codeeval/235/ccardona.py:6:23: E231 missing whitespace after ','
challenges/codeeval/235/ccardona.py:6:27: E231 missing whitespace after ':'
challenges/codeeval/235/ccardona.py:6:30: E231 missing whitespace after ','
challenges/codeeval/235/ccardona.py:6:34: E231 missing whitespace after ':'
challenges/codeeval/235/ccardona.py:6:37: E231 missing whitespace after ','
challenges/codeeval/235/ccardona.py:6:42: E231 missing whitespace after ':'
challenges/codeeval/235/ccardona.py:6:45: E231 missing whitespace after ','
challenges/codeeval/235/ccardona.py:6:49: E231 missing whitespace after ':'
challenges/codeeval/235/ccardona.py:6:51: E231 missing whitespace after ','
challenges/codeeval/235/ccardona.py:6:55: E231 missing whitespace after ':'
challenges/codeeval/235/ccardona.py:6:57: E231 missing whitespace after ','
challenges/codeeval/235/ccardona.py:6:61: E231 missing whitespace after ':'
challenges/codeeval/235/ccardona.py:6:63: E231 missing whitespace after ','
challenges/codeeval/235/ccardona.py:6:67: E231 missing whitespace after ':'
challenges/codeeval/235/ccardona.py:6:69: E231 missing whitespace after ','
challenges/codeeval/235/ccardona.py:6:73: E231 missing whitespace after ':'
challenges/codeeval/235/ccardona.py:7:1: E128 continuation line under-indented for visual indent
challenges/codeeval/235/ccardona.py:7:4: E231 missing whitespace after ':'
challenges/codeeval/235/ccardona.py:7:6: E231 missing whitespace after ','
challenges/codeeval/235/ccardona.py:7:10: E231 missing whitespace after ':'
challenges/codeeval/235/ccardona.py:7:12: E231 missing whitespace after ','
challenges/codeeval/235/ccardona.py:7:16: E231 missing whitespace after ':'
challenges/codeeval/235/ccardona.py:8:1: E302 expected 2 blank lines, found 0
challenges/codeeval/235/ccardona.py:21:40: E231 missing whitespace after ','
challenges/codeeval/009/ccardona.py:5:1: E302 expected 2 blank lines, found 0
challenges/codeeval/009/ccardona.py:42:1: E302 expected 2 blank lines, found 1
challenges/codeeval/068/ccardona.py:5:1: E302 expected 2 blank lines, found 0
challenges/codeeval/068/ccardona.py:13:44: E271 multiple spaces after keyword
challenges/codeeval/068/ccardona.py:14:13: E128 continuation line under-indented for visual indent
challenges/codeeval/068/ccardona.py:17:14: E111 indentation is not a multiple of four
challenges/codeeval/068/ccardona.py:19:14: E111 indentation is not a multiple of four
challenges/codeeval/068/ccardona.py:26:9: E113 unexpected indentation
challenges/codeeval/068/ccardona.py:26:9: E901 IndentationError: unexpected indent
challenges/codeeval/068/ccardona.py:29:33: E231 missing whitespace after ','
challenges/codeeval/068/ccardona.py:29:37: E231 missing whitespace after ','
challenges/codeeval/068/ccardona.py:39:21: E128 continuation line under-indented for visual indent
challenges/codeeval/068/ccardona.py:44:21: E701 multiple statements on one line (colon)
