No config file found, using default configuration
************* Module ccardona
C:  6, 0: Exactly one space required after comma
cards = {"A":14,"K":13,"Q":12,"J":11,"10":10,"9":9,"8":8,"7":7,"6":6,"5":5,
               ^ (bad-whitespace)
C:  6, 0: Exactly one space required after comma
cards = {"A":14,"K":13,"Q":12,"J":11,"10":10,"9":9,"8":8,"7":7,"6":6,"5":5,
                      ^ (bad-whitespace)
C:  6, 0: Exactly one space required after comma
cards = {"A":14,"K":13,"Q":12,"J":11,"10":10,"9":9,"8":8,"7":7,"6":6,"5":5,
                             ^ (bad-whitespace)
C:  6, 0: Exactly one space required after comma
cards = {"A":14,"K":13,"Q":12,"J":11,"10":10,"9":9,"8":8,"7":7,"6":6,"5":5,
                                    ^ (bad-whitespace)
C:  6, 0: Exactly one space required after comma
cards = {"A":14,"K":13,"Q":12,"J":11,"10":10,"9":9,"8":8,"7":7,"6":6,"5":5,
                                            ^ (bad-whitespace)
C:  6, 0: Exactly one space required after comma
cards = {"A":14,"K":13,"Q":12,"J":11,"10":10,"9":9,"8":8,"7":7,"6":6,"5":5,
                                                  ^ (bad-whitespace)
C:  6, 0: Exactly one space required after comma
cards = {"A":14,"K":13,"Q":12,"J":11,"10":10,"9":9,"8":8,"7":7,"6":6,"5":5,
                                                        ^ (bad-whitespace)
C:  6, 0: Exactly one space required after comma
cards = {"A":14,"K":13,"Q":12,"J":11,"10":10,"9":9,"8":8,"7":7,"6":6,"5":5,
                                                              ^ (bad-whitespace)
C:  6, 0: Exactly one space required after comma
cards = {"A":14,"K":13,"Q":12,"J":11,"10":10,"9":9,"8":8,"7":7,"6":6,"5":5,
                                                                    ^ (bad-whitespace)
C:  7, 0: Exactly one space required after comma
"4":4,"3":3,"2":2}
     ^ (bad-whitespace)
C:  7, 0: Exactly one space required after comma
"4":4,"3":3,"2":2}
           ^ (bad-whitespace)
C: 21, 0: Exactly one space required after comma
        suit_win = hands[1].replace(" ","")
                                       ^ (bad-whitespace)
W: 52, 0: Redefining built-in 'file' (redefined-builtin)
C:  6, 0: Invalid constant name "cards" (invalid-name)
W:  8,17: Redefining name 'file' from outer scope (line 52) (redefined-outer-name)
C: 51, 0: Invalid constant name "path" (invalid-name)
C: 52, 0: Invalid constant name "file" (invalid-name)
C:  6, 0: Exactly one space required after comma
cards = {"A":14,"K":13,"Q":12,"J":11,"10":10,"9":9,"8":8,"7":7,"6":6,"5":5,
               ^ (bad-whitespace)
C:  6, 0: Exactly one space required after comma
cards = {"A":14,"K":13,"Q":12,"J":11,"10":10,"9":9,"8":8,"7":7,"6":6,"5":5,
                      ^ (bad-whitespace)
C:  6, 0: Exactly one space required after comma
cards = {"A":14,"K":13,"Q":12,"J":11,"10":10,"9":9,"8":8,"7":7,"6":6,"5":5,
                             ^ (bad-whitespace)
C:  6, 0: Exactly one space required after comma
cards = {"A":14,"K":13,"Q":12,"J":11,"10":10,"9":9,"8":8,"7":7,"6":6,"5":5,
                                    ^ (bad-whitespace)
C:  6, 0: Exactly one space required after comma
cards = {"A":14,"K":13,"Q":12,"J":11,"10":10,"9":9,"8":8,"7":7,"6":6,"5":5,
                                            ^ (bad-whitespace)
C:  6, 0: Exactly one space required after comma
cards = {"A":14,"K":13,"Q":12,"J":11,"10":10,"9":9,"8":8,"7":7,"6":6,"5":5,
                                                  ^ (bad-whitespace)
C:  6, 0: Exactly one space required after comma
cards = {"A":14,"K":13,"Q":12,"J":11,"10":10,"9":9,"8":8,"7":7,"6":6,"5":5,
                                                        ^ (bad-whitespace)
C:  6, 0: Exactly one space required after comma
cards = {"A":14,"K":13,"Q":12,"J":11,"10":10,"9":9,"8":8,"7":7,"6":6,"5":5,
                                                              ^ (bad-whitespace)
C:  6, 0: Exactly one space required after comma
cards = {"A":14,"K":13,"Q":12,"J":11,"10":10,"9":9,"8":8,"7":7,"6":6,"5":5,
                                                                    ^ (bad-whitespace)
C:  7, 0: Exactly one space required after comma
"4":4,"3":3,"2":2}
     ^ (bad-whitespace)
C:  7, 0: Exactly one space required after comma
"4":4,"3":3,"2":2}
           ^ (bad-whitespace)
C: 21, 0: Exactly one space required after comma
        suit_win = hands[1].replace(" ","")
                                       ^ (bad-whitespace)
W: 52, 0: Redefining built-in 'file' (redefined-builtin)
C:  6, 0: Invalid constant name "cards" (invalid-name)
W:  8,17: Redefining name 'file' from outer scope (line 52) (redefined-outer-name)
C: 51, 0: Invalid constant name "path" (invalid-name)
C: 52, 0: Invalid constant name "file" (invalid-name)
C:  6, 0: Exactly one space required after comma
cards = {"A":14,"K":13,"Q":12,"J":11,"10":10,"9":9,"8":8,"7":7,"6":6,"5":5,
               ^ (bad-whitespace)
C:  6, 0: Exactly one space required after comma
cards = {"A":14,"K":13,"Q":12,"J":11,"10":10,"9":9,"8":8,"7":7,"6":6,"5":5,
                      ^ (bad-whitespace)
C:  6, 0: Exactly one space required after comma
cards = {"A":14,"K":13,"Q":12,"J":11,"10":10,"9":9,"8":8,"7":7,"6":6,"5":5,
                             ^ (bad-whitespace)
C:  6, 0: Exactly one space required after comma
cards = {"A":14,"K":13,"Q":12,"J":11,"10":10,"9":9,"8":8,"7":7,"6":6,"5":5,
                                    ^ (bad-whitespace)
C:  6, 0: Exactly one space required after comma
cards = {"A":14,"K":13,"Q":12,"J":11,"10":10,"9":9,"8":8,"7":7,"6":6,"5":5,
                                            ^ (bad-whitespace)
C:  6, 0: Exactly one space required after comma
cards = {"A":14,"K":13,"Q":12,"J":11,"10":10,"9":9,"8":8,"7":7,"6":6,"5":5,
                                                  ^ (bad-whitespace)
C:  6, 0: Exactly one space required after comma
cards = {"A":14,"K":13,"Q":12,"J":11,"10":10,"9":9,"8":8,"7":7,"6":6,"5":5,
                                                        ^ (bad-whitespace)
C:  6, 0: Exactly one space required after comma
cards = {"A":14,"K":13,"Q":12,"J":11,"10":10,"9":9,"8":8,"7":7,"6":6,"5":5,
                                                              ^ (bad-whitespace)
C:  6, 0: Exactly one space required after comma
cards = {"A":14,"K":13,"Q":12,"J":11,"10":10,"9":9,"8":8,"7":7,"6":6,"5":5,
                                                                    ^ (bad-whitespace)
C:  7, 0: Exactly one space required after comma
"4":4,"3":3,"2":2}
     ^ (bad-whitespace)
C:  7, 0: Exactly one space required after comma
"4":4,"3":3,"2":2}
           ^ (bad-whitespace)
C: 21, 0: Exactly one space required after comma
        suit_win = hands[1].replace(" ","")
                                       ^ (bad-whitespace)
W: 52, 0: Redefining built-in 'file' (redefined-builtin)
C:  6, 0: Invalid constant name "cards" (invalid-name)
W:  8,17: Redefining name 'file' from outer scope (line 52) (redefined-outer-name)
C: 51, 0: Invalid constant name "path" (invalid-name)
C: 52, 0: Invalid constant name "file" (invalid-name)
R:  1, 0: Similar lines in 3 files
==ccardona:5
==ccardona:5
==ccardona:5
cards = {"A":14,"K":13,"Q":12,"J":11,"10":10,"9":9,"8":8,"7":7,"6":6,"5":5,
"4":4,"3":3,"2":2}
def simple_trump(file):
    """
    return the winner of a trump suit cards game
    file: rute to the testcase
    """
    for line in file:
        hands = line.rstrip("\n").split("|")
        #result of the game
        result = []
        #this list is of  the posibles wins when they have the win suit
        posibles = []
        #when nobody player have the win suit goes to the another list
        ano = []
        suit_win = hands[1].replace(" ","")
        result = hands[0].strip().split(" ")
        for hand in result:
            if hand[-1] == suit_win:
                posibles.append(hand)
            else:
                ano.append(hand)
        if len(posibles) == 0:
            compare(ano)
        else:
            if len(posibles) == 1:
                print posibles[0]
            else:
                compare(posibles)


def compare(posibles):
    """
    function auxiliar, compare the hands of everyone player and return the win
    posibles: list with the hand of everyone player
    this fuction optimize the code
    """
    for idx in range(len(posibles)-1):
        if cards[posibles[idx][0:-1]] > cards[posibles[idx+1][0:-1]]:
            print posibles[idx]
        elif cards[posibles[idx][0:-1]] < cards[posibles[idx+1][0:-1]]:
            print posibles[idx+1]
        else:
            print posibles[idx] + " " + posibles[idx+1]
#------------------------test------------------------------
path = raw_input("Please enter the rute to the file: ")
file = open(path)
simple_trump(file)
#---------------------endtestcase-------------------- (duplicate-code)


Report
======
85 statements analysed.

Messages by category
--------------------

+-----------+-------+---------+-----------+
|type       |number |previous |difference |
+===========+=======+=========+===========+
|convention |45     |45       |=          |
+-----------+-------+---------+-----------+
|refactor   |1      |1        |=          |
+-----------+-------+---------+-----------+
|warning    |6      |6        |=          |
+-----------+-------+---------+-----------+
|error      |0      |0        |=          |
+-----------+-------+---------+-----------+



Messages
--------

+---------------------+------------+
|message id           |occurrences |
+=====================+============+
|bad-whitespace       |36          |
+---------------------+------------+
|invalid-name         |9           |
+---------------------+------------+
|redefined-outer-name |3           |
+---------------------+------------+
|redefined-builtin    |3           |
+---------------------+------------+
|duplicate-code       |1           |
+---------------------+------------+



Global evaluation
-----------------
Your code has been rated at 3.88/10 (previous run: 3.88/10, +0.00)

Statistics by type
------------------

+---------+-------+-----------+-----------+------------+---------+
|type     |number |old number |difference |%documented |%badname |
+=========+=======+===========+===========+============+=========+
|module   |3      |3          |=          |100.00      |0.00     |
+---------+-------+-----------+-----------+------------+---------+
|class    |0      |0          |=          |0           |0        |
+---------+-------+-----------+-----------+------------+---------+
|method   |0      |0          |=          |0           |0        |
+---------+-------+-----------+-----------+------------+---------+
|function |6      |6          |=          |100.00      |0.00     |
+---------+-------+-----------+-----------+------------+---------+



Duplication
-----------

+-------------------------+-------+---------+-----------+
|                         |now    |previous |difference |
+=========================+=======+=========+===========+
|nb duplicated lines      |98     |98       |=          |
+-------------------------+-------+---------+-----------+
|percent duplicated lines |60.494 |60.494   |=          |
+-------------------------+-------+---------+-----------+



Raw metrics
-----------

+----------+-------+------+---------+-----------+
|type      |number |%     |previous |difference |
+==========+=======+======+=========+===========+
|code      |96     |56.14 |96       |=          |
+----------+-------+------+---------+-----------+
|docstring |42     |24.56 |42       |=          |
+----------+-------+------+---------+-----------+
|comment   |3      |1.75  |3        |=          |
+----------+-------+------+---------+-----------+
|empty     |30     |17.54 |30       |=          |
+----------+-------+------+---------+-----------+



