challenges/codeeval/181/palaxi0.py:1:80: E501 line too long (100 > 79 characters)
challenges/codeeval/181/palaxi0.py:2:8: F821 undefined name 'test'
challenges/codeeval/181/palaxi0.py:5:7: E225 missing whitespace around operator
challenges/codeeval/181/palaxi0.py:7:17: E231 missing whitespace after ','
challenges/codeeval/181/palaxi0.py:8:19: E225 missing whitespace around operator
challenges/codeeval/181/palaxi0.py:9:1: W293 blank line contains whitespace
challenges/codeeval/181/palaxi0.py:10:21: W292 no newline at end of file
challenges/codeeval/076/palaxi0.py:17:30: W292 no newline at end of file
challenges/codeeval/038/palaxi0.py:8:25: E225 missing whitespace around operator
challenges/codeeval/038/palaxi0.py:9:80: E501 line too long (117 > 79 characters)
challenges/codeeval/038/palaxi0.py:9:109: E231 missing whitespace after ','
challenges/codeeval/235/palaxi0.py:9:16: E231 missing whitespace after ':'
challenges/codeeval/235/palaxi0.py:9:23: E231 missing whitespace after ':'
challenges/codeeval/235/palaxi0.py:9:30: E231 missing whitespace after ':'
challenges/codeeval/235/palaxi0.py:9:37: E231 missing whitespace after ':'
challenges/codeeval/235/palaxi0.py:9:44: E231 missing whitespace after ':'
challenges/codeeval/235/palaxi0.py:10:16: E231 missing whitespace after ':'
challenges/codeeval/235/palaxi0.py:10:23: E231 missing whitespace after ':'
challenges/codeeval/235/palaxi0.py:10:30: E231 missing whitespace after ':'
challenges/codeeval/235/palaxi0.py:10:38: E231 missing whitespace after ':'
challenges/codeeval/235/palaxi0.py:11:16: E231 missing whitespace after ':'
challenges/codeeval/235/palaxi0.py:11:24: E231 missing whitespace after ':'
challenges/codeeval/235/palaxi0.py:11:32: E231 missing whitespace after ':'
challenges/codeeval/235/palaxi0.py:11:40: E231 missing whitespace after ':'
challenges/codeeval/160/palaxi0.py:6:13: E231 missing whitespace after ','
challenges/codeeval/160/palaxi0.py:6:44: E231 missing whitespace after ','
challenges/codeeval/160/palaxi0.py:7:13: E231 missing whitespace after ','
challenges/codeeval/160/palaxi0.py:7:32: E231 missing whitespace after ','
challenges/codeeval/160/palaxi0.py:8:40: E231 missing whitespace after ','
challenges/codeeval/160/palaxi0.py:8:45: E231 missing whitespace after ','
challenges/codeeval/160/palaxi0.py:9:1: W391 blank line at end of file
challenges/codeeval/174/palaxi0.py:9:20: E225 missing whitespace around operator
challenges/codeeval/174/palaxi0.py:10:19: E231 missing whitespace after ':'
challenges/codeeval/174/palaxi0.py:10:29: E231 missing whitespace after ','
challenges/codeeval/174/palaxi0.py:10:31: E231 missing whitespace after ':'
challenges/codeeval/174/palaxi0.py:10:61: E231 missing whitespace after ','
challenges/codeeval/174/palaxi0.py:10:63: E231 missing whitespace after ':'
challenges/codeeval/174/palaxi0.py:10:80: E501 line too long (87 > 79 characters)
challenges/codeeval/174/palaxi0.py:11:9: E128 continuation line under-indented for visual indent
challenges/codeeval/174/palaxi0.py:11:10: E231 missing whitespace after ':'
challenges/codeeval/174/palaxi0.py:11:18: E231 missing whitespace after ','
challenges/codeeval/174/palaxi0.py:11:20: E231 missing whitespace after ':'
challenges/codeeval/174/palaxi0.py:11:32: E231 missing whitespace after ','
challenges/codeeval/174/palaxi0.py:11:34: E231 missing whitespace after ':'
challenges/codeeval/174/palaxi0.py:11:42: E231 missing whitespace after ','
challenges/codeeval/174/palaxi0.py:11:44: E231 missing whitespace after ':'
challenges/codeeval/174/palaxi0.py:11:56: E231 missing whitespace after ','
challenges/codeeval/174/palaxi0.py:11:58: E231 missing whitespace after ':'
challenges/codeeval/174/palaxi0.py:19:24: E225 missing whitespace around operator
challenges/codeeval/174/palaxi0.py:21:71: E225 missing whitespace around operator
challenges/codeeval/174/palaxi0.py:26:1: W293 blank line contains whitespace
challenges/codeeval/174/palaxi0.py:27:26: W292 no newline at end of file
challenges/codeeval/052/palaxi0.py:4:1: E302 expected 2 blank lines, found 1
challenges/codeeval/052/palaxi0.py:22:29: E225 missing whitespace around operator
challenges/codeeval/052/palaxi0.py:24:30: E225 missing whitespace around operator
challenges/codeeval/052/palaxi0.py:27:24: E228 missing whitespace around modulo operator
challenges/codeeval/052/palaxi0.py:28:34: E225 missing whitespace around operator
challenges/codeeval/052/palaxi0.py:28:43: E225 missing whitespace around operator
challenges/codeeval/052/palaxi0.py:31:24: E228 missing whitespace around modulo operator
challenges/codeeval/052/palaxi0.py:34:29: E225 missing whitespace around operator
challenges/codeeval/052/palaxi0.py:39:24: E225 missing whitespace around operator
challenges/codeeval/052/palaxi0.py:40:24: E228 missing whitespace around modulo operator
challenges/codeeval/052/palaxi0.py:48:24: E228 missing whitespace around modulo operator
challenges/codeeval/052/palaxi0.py:59:1: W293 blank line contains whitespace
challenges/codeeval/052/palaxi0.py:59:1: W391 blank line at end of file
challenges/codeeval/085/palaxi0.py:27:1: W391 blank line at end of file
challenges/codeeval/148/palaxi0.py:21:34: E228 missing whitespace around modulo operator
challenges/codeeval/148/palaxi0.py:24:17: E225 missing whitespace around operator
challenges/codeeval/148/palaxi0.py:26:20: E225 missing whitespace around operator
challenges/codeeval/148/palaxi0.py:28:21: E225 missing whitespace around operator
challenges/codeeval/148/palaxi0.py:30:21: E225 missing whitespace around operator
challenges/codeeval/148/palaxi0.py:32:21: E225 missing whitespace around operator
challenges/codeeval/148/palaxi0.py:34:21: E225 missing whitespace around operator
challenges/codeeval/148/palaxi0.py:36:80: E501 line too long (109 > 79 characters)
challenges/codeeval/148/palaxi0.py:38:21: E222 multiple spaces after operator
challenges/codeeval/148/palaxi0.py:39:80: E501 line too long (86 > 79 characters)
challenges/codeeval/148/palaxi0.py:41:36: E202 whitespace before ')'
challenges/codeeval/148/palaxi0.py:44:17: E225 missing whitespace around operator
challenges/codeeval/148/palaxi0.py:46:20: E225 missing whitespace around operator
challenges/codeeval/148/palaxi0.py:48:21: E225 missing whitespace around operator
challenges/codeeval/148/palaxi0.py:50:21: E225 missing whitespace around operator
challenges/codeeval/148/palaxi0.py:52:21: E225 missing whitespace around operator
challenges/codeeval/148/palaxi0.py:54:21: E225 missing whitespace around operator
challenges/codeeval/148/palaxi0.py:56:80: E501 line too long (109 > 79 characters)
challenges/codeeval/148/palaxi0.py:59:41: E231 missing whitespace after ','
challenges/codeeval/148/palaxi0.py:59:66: E231 missing whitespace after ','
challenges/codeeval/148/palaxi0.py:59:80: E501 line too long (95 > 79 characters)
challenges/codeeval/148/palaxi0.py:59:91: E231 missing whitespace after ','
challenges/codeeval/148/palaxi0.py:60:41: W292 no newline at end of file
challenges/codeeval/063/palaxi0.py:6:15: E225 missing whitespace around operator
challenges/codeeval/063/palaxi0.py:11:17: E225 missing whitespace around operator
challenges/codeeval/063/palaxi0.py:11:25: E225 missing whitespace around operator
challenges/codeeval/063/palaxi0.py:11:28: E701 multiple statements on one line (colon)
challenges/codeeval/063/palaxi0.py:12:17: E228 missing whitespace around modulo operator
challenges/codeeval/063/palaxi0.py:12:19: E225 missing whitespace around operator
challenges/codeeval/063/palaxi0.py:12:27: E225 missing whitespace around operator
challenges/codeeval/063/palaxi0.py:12:29: E701 multiple statements on one line (colon)
challenges/codeeval/063/palaxi0.py:13:29: E231 missing whitespace after ','
challenges/codeeval/063/palaxi0.py:13:43: E231 missing whitespace after ','
challenges/codeeval/063/palaxi0.py:13:47: W291 trailing whitespace
challenges/codeeval/063/palaxi0.py:14:21: E228 missing whitespace around modulo operator
challenges/codeeval/063/palaxi0.py:14:23: E225 missing whitespace around operator
challenges/codeeval/063/palaxi0.py:15:33: W291 trailing whitespace
challenges/codeeval/063/palaxi0.py:16:1: W293 blank line contains whitespace
challenges/codeeval/063/palaxi0.py:18:1: W293 blank line contains whitespace
challenges/codeeval/063/palaxi0.py:19:16: E225 missing whitespace around operator
challenges/codeeval/063/palaxi0.py:20:27: E231 missing whitespace after ','
challenges/codeeval/063/palaxi0.py:22:22: E225 missing whitespace around operator
challenges/codeeval/063/palaxi0.py:23:1: W293 blank line contains whitespace
challenges/codeeval/063/palaxi0.py:24:22: W292 no newline at end of file
challenges/codeeval/238/palaxi0.py:8:20: E231 missing whitespace after ','
challenges/codeeval/238/palaxi0.py:8:24: E231 missing whitespace after ','
challenges/codeeval/238/palaxi0.py:8:28: E231 missing whitespace after ','
challenges/codeeval/238/palaxi0.py:10:27: E211 whitespace before '('
challenges/codeeval/238/palaxi0.py:11:80: E501 line too long (90 > 79 characters)
challenges/codeeval/238/palaxi0.py:14:21: W292 no newline at end of file
challenges/codeeval/071/palaxi0.py:11:69: W291 trailing whitespace
challenges/codeeval/071/palaxi0.py:14:60: W291 trailing whitespace
challenges/codeeval/071/palaxi0.py:16:14: E225 missing whitespace around operator
challenges/codeeval/071/palaxi0.py:19:75: W291 trailing whitespace
challenges/codeeval/071/palaxi0.py:21:25: E231 missing whitespace after ','
challenges/codeeval/071/palaxi0.py:21:36: E231 missing whitespace after ','
challenges/codeeval/071/palaxi0.py:22:80: E501 line too long (80 > 79 characters)
challenges/codeeval/071/palaxi0.py:22:81: W291 trailing whitespace
challenges/codeeval/071/palaxi0.py:25:73: W291 trailing whitespace
challenges/codeeval/071/palaxi0.py:28:67: W291 trailing whitespace
challenges/codeeval/071/palaxi0.py:29:76: W291 trailing whitespace
challenges/codeeval/071/palaxi0.py:32:68: W291 trailing whitespace
challenges/codeeval/071/palaxi0.py:37:77: W291 trailing whitespace
challenges/codeeval/071/palaxi0.py:38:41: W291 trailing whitespace
challenges/codeeval/071/palaxi0.py:40:77: W291 trailing whitespace
challenges/codeeval/071/palaxi0.py:41:39: W291 trailing whitespace
challenges/codeeval/071/palaxi0.py:43:66: W292 no newline at end of file
challenges/codeeval/009/palaxi0.py:7:1: E302 expected 2 blank lines, found 0
challenges/codeeval/009/palaxi0.py:14:1: E302 expected 2 blank lines, found 0
challenges/codeeval/009/palaxi0.py:26:80: E501 line too long (88 > 79 characters)
challenges/codeeval/009/palaxi0.py:36:80: E501 line too long (90 > 79 characters)
challenges/codeeval/009/palaxi0.py:37:80: E501 line too long (87 > 79 characters)
challenges/codeeval/009/palaxi0.py:38:80: E501 line too long (92 > 79 characters)
challenges/codeeval/045/palaxi0.py:4:1: E302 expected 2 blank lines, found 1
challenges/codeeval/045/palaxi0.py:9:1: W293 blank line contains whitespace
challenges/codeeval/045/palaxi0.py:14:28: E712 comparison to False should be 'if cond is False:' or 'if not cond:'
challenges/codeeval/045/palaxi0.py:16:18: E225 missing whitespace around operator
challenges/codeeval/045/palaxi0.py:17:27: W292 no newline at end of file
challenges/codeeval/124/palaxi0.py:7:61: E231 missing whitespace after ','
challenges/codeeval/124/palaxi0.py:8:80: E501 line too long (120 > 79 characters)
challenges/codeeval/124/palaxi0.py:8:121: W291 trailing whitespace
challenges/codeeval/124/palaxi0.py:15:9: E101 indentation contains mixed spaces and tabs
challenges/codeeval/124/palaxi0.py:15:9: W191 indentation contains tabs
challenges/codeeval/124/palaxi0.py:17:80: E501 line too long (93 > 79 characters)
challenges/codeeval/014/palaxi0.py:5:14: E225 missing whitespace around operator
challenges/codeeval/014/palaxi0.py:5:15: E222 multiple spaces after operator
challenges/codeeval/014/palaxi0.py:5:80: E501 line too long (86 > 79 characters)
challenges/codeeval/014/palaxi0.py:6:32: W292 no newline at end of file
challenges/codeeval/222/palaxi0.py:13:1: W293 blank line contains whitespace
challenges/codeeval/222/palaxi0.py:13:1: W391 blank line at end of file
challenges/codeeval/211/palaxi0.py:13:27: E225 missing whitespace around operator
challenges/codeeval/211/palaxi0.py:19:22: W292 no newline at end of file
challenges/codeeval/017/palaxi0.py:6:51: E231 missing whitespace after ','
challenges/codeeval/017/palaxi0.py:8:21: E225 missing whitespace around operator
challenges/codeeval/017/palaxi0.py:10:33: E231 missing whitespace after ','
challenges/codeeval/017/palaxi0.py:15:1: W293 blank line contains whitespace
challenges/codeeval/017/palaxi0.py:15:1: W391 blank line at end of file
challenges/codeeval/080/palaxi0.py:10:46: E231 missing whitespace after ','
challenges/codeeval/080/palaxi0.py:10:49: E231 missing whitespace after ','
challenges/codeeval/080/palaxi0.py:11:46: E231 missing whitespace after ','
challenges/codeeval/080/palaxi0.py:11:49: E231 missing whitespace after ','
challenges/codeeval/080/palaxi0.py:15:26: W292 no newline at end of file
challenges/codeeval/053/palaxi0.py:9:80: E501 line too long (81 > 79 characters)
challenges/codeeval/028/palaxi0.py:14:22: E225 missing whitespace around operator
challenges/codeeval/028/palaxi0.py:22:1: W293 blank line contains whitespace
challenges/codeeval/028/palaxi0.py:22:1: W391 blank line at end of file
challenges/codeeval/227/palaxi0.py:3:10: W291 trailing whitespace
challenges/codeeval/227/palaxi0.py:7:31: E231 missing whitespace after ','
challenges/codeeval/227/palaxi0.py:10:25: E231 missing whitespace after ','
challenges/codeeval/227/palaxi0.py:11:17: E228 missing whitespace around modulo operator
challenges/codeeval/227/palaxi0.py:15:1: W293 blank line contains whitespace
challenges/codeeval/227/palaxi0.py:17:1: W293 blank line contains whitespace
challenges/codeeval/227/palaxi0.py:18:16: E228 missing whitespace around modulo operator
challenges/codeeval/227/palaxi0.py:21:27: W292 no newline at end of file
challenges/codeeval/075/palaxi0.py:12:37: E225 missing whitespace around operator
challenges/codeeval/041/palaxi0.py:8:14: E231 missing whitespace after ','
challenges/codeeval/041/palaxi0.py:10:26: W292 no newline at end of file
challenges/codeeval/113/palaxi0.py:7:39: E231 missing whitespace after ','
challenges/codeeval/113/palaxi0.py:10:25: E231 missing whitespace after ','
challenges/codeeval/113/palaxi0.py:11:80: E501 line too long (80 > 79 characters)
challenges/codeeval/113/palaxi0.py:12:32: W292 no newline at end of file
challenges/codeeval/189/palaxi0.py:8:16: E225 missing whitespace around operator
challenges/codeeval/189/palaxi0.py:9:25: E231 missing whitespace after ','
challenges/codeeval/189/palaxi0.py:11:27: W292 no newline at end of file
challenges/codeeval/098/palaxi0.py:20:1: W293 blank line contains whitespace
challenges/codeeval/098/palaxi0.py:20:1: W391 blank line at end of file
challenges/codeeval/197/palaxi0.py:8:30: E228 missing whitespace around modulo operator
challenges/codeeval/186/palaxi0.py:7:34: E231 missing whitespace after ','
challenges/codeeval/186/palaxi0.py:9:14: E225 missing whitespace around operator
challenges/codeeval/186/palaxi0.py:10:25: E231 missing whitespace after ','
challenges/codeeval/186/palaxi0.py:12:27: E225 missing whitespace around operator
challenges/codeeval/166/palaxi0.py:7:32: E231 missing whitespace after ','
challenges/codeeval/166/palaxi0.py:7:40: E251 unexpected spaces around keyword / parameter equals
challenges/codeeval/166/palaxi0.py:7:42: E251 unexpected spaces around keyword / parameter equals
challenges/codeeval/166/palaxi0.py:9:14: E225 missing whitespace around operator
challenges/codeeval/166/palaxi0.py:9:44: E231 missing whitespace after ','
challenges/codeeval/166/palaxi0.py:10:45: E231 missing whitespace after ','
challenges/codeeval/166/palaxi0.py:11:13: E225 missing whitespace around operator
challenges/codeeval/166/palaxi0.py:11:14: E222 multiple spaces after operator
challenges/codeeval/166/palaxi0.py:13:80: E501 line too long (86 > 79 characters)
challenges/codeeval/166/palaxi0.py:13:87: W292 no newline at end of file
challenges/codeeval/043/palaxi0.py:7:41: E231 missing whitespace after ','
challenges/codeeval/043/palaxi0.py:9:65: E231 missing whitespace after ','
challenges/codeeval/043/palaxi0.py:13:32: W292 no newline at end of file
challenges/codeeval/034/palaxi0.py:16:24: E225 missing whitespace around operator
challenges/codeeval/034/palaxi0.py:16:25: E203 whitespace before ':'
challenges/codeeval/034/palaxi0.py:19:26: W292 no newline at end of file
challenges/codeeval/107/palaxi0.py:6:47: W292 no newline at end of file
challenges/codeeval/032/palaxi0.py:9:16: E225 missing whitespace around operator
challenges/codeeval/032/palaxi0.py:10:25: E231 missing whitespace after ','
challenges/codeeval/032/palaxi0.py:12:29: E225 missing whitespace around operator
challenges/codeeval/032/palaxi0.py:13:26: E225 missing whitespace around operator
challenges/codeeval/032/palaxi0.py:15:26: E225 missing whitespace around operator
challenges/codeeval/032/palaxi0.py:16:22: W292 no newline at end of file
