Splint 3.1.2 --- 03 May 2009

challenges/codeeval/019/GoXo.c: (in function main)
challenges/codeeval/019/GoXo.c:11:30:
    Possibly null storage file passed as non-null param: fgets (..., file)
  A possibly null pointer is passed as a parameter corresponding to a formal
  parameter with no /*@null@*/ annotation.  If NULL may be used for this
  parameter, add a /*@null@*/ annotation to the function parameter declaration.
  (Use -nullpass to inhibit warning)
   challenges/codeeval/019/GoXo.c:9:18: Storage file may become null
challenges/codeeval/019/GoXo.c:13:19:
    Possibly null storage passed as non-null param: atoi (strtok(NULL, ","))
   challenges/codeeval/019/GoXo.c:13:19: Storage may become null
challenges/codeeval/019/GoXo.c:14:19:
    Possibly null storage passed as non-null param: atoi (strtok(NULL, ","))
   challenges/codeeval/019/GoXo.c:14:19: Storage may become null
challenges/codeeval/019/GoXo.c:15:35:
    Right operand of << may be negative (int): 1 << p1 - 1
  The right operand to a shift operator may be negative (behavior undefined).
  (Use -shiftnegative to inhibit warning)
challenges/codeeval/019/GoXo.c:15:46:
                                         Right operand of >> may be negative
                                         (int): (number & (1 << p1 - 1)) >> p1
                                         - 1
challenges/codeeval/019/GoXo.c:15:18: Left operand of >> may be negative (int):
                                         (number & (1 << p1 - 1)) >> p1 - 1
  The left operand to a shift operator may be negative (behavior is
  implementation-defined). (Use -shiftimplementation to inhibit warning)
challenges/codeeval/019/GoXo.c:16:35:
    Right operand of << may be negative (int): 1 << p2 - 1
challenges/codeeval/019/GoXo.c:16:46:
                                         Right operand of >> may be negative
                                         (int): (number & (1 << p2 - 1)) >> p2
                                         - 1
challenges/codeeval/019/GoXo.c:16:18: Left operand of >> may be negative (int):
                                         (number & (1 << p2 - 1)) >> p2 - 1
challenges/codeeval/019/GoXo.c:3:14: Parameter argc not used
  A function parameter is not used in the body of the function. If the argument
  is needed for type compatibility or future plans, use /*@unused@*/ in the
  argument declaration. (Use -paramuse to inhibit warning)
challenges/codeeval/192/GoXo.c:3:5: Function main defined more than once
  A function or variable is redefined. One of the declarations should use
  extern. (Use -redef to inhibit warning)
   challenges/codeeval/019/GoXo.c:24:1: Previous definition of main
challenges/codeeval/192/GoXo.c: (in function main)
challenges/codeeval/192/GoXo.c:10:30:
    Possibly null storage file passed as non-null param: fgets (..., file)
   challenges/codeeval/192/GoXo.c:4:18: Storage file may become null
challenges/codeeval/192/GoXo.c:12:13:
    Parse Error. (For help on parse errors, see splint -help parseerrors.)
*** Cannot continue.
