No config file found, using default configuration
************* Module juanfgomeza
C: 28, 0: Trailing whitespace (trailing-whitespace)
C: 32, 0: Trailing whitespace (trailing-whitespace)
C: 32, 0: No space allowed after bracket
    solution = ( "-", 0, 0)    
               ^ (bad-whitespace)
C: 33, 0: Exactly one space required before assignment
    [package_weight, items]= line.replace('$', '').split(":")
                           ^ (bad-whitespace)
C: 38, 0: Trailing whitespace (trailing-whitespace)
C: 39, 0: Trailing whitespace (trailing-whitespace)
C:  1, 0: Missing module docstring (missing-docstring)
W:  9,35: Redefining name 'i' from outer scope (line 34) (redefined-outer-name)
W:  8, 8: Redefining name 'lines' from outer scope (line 30) (redefined-outer-name)
C:  5, 0: Missing function docstring (missing-docstring)
C:  7,27: Invalid variable name "f" (invalid-name)
C: 12, 0: Missing function docstring (missing-docstring)
W: 13, 4: Using the global statement (global-statement)
C: 13, 4: Invalid constant name "solution" (invalid-name)
C: 17,12: Invalid variable name "ID" (invalid-name)
C: 30, 0: Invalid constant name "lines" (invalid-name)
C: 28, 0: Trailing whitespace (trailing-whitespace)
C: 32, 0: Trailing whitespace (trailing-whitespace)
C: 32, 0: No space allowed after bracket
    solution = ( "-", 0, 0)    
               ^ (bad-whitespace)
C: 33, 0: Exactly one space required before assignment
    [package_weight, items]= line.replace('$', '').split(":")
                           ^ (bad-whitespace)
C: 38, 0: Trailing whitespace (trailing-whitespace)
C: 39, 0: Trailing whitespace (trailing-whitespace)
C:  1, 0: Missing module docstring (missing-docstring)
W:  9,35: Redefining name 'i' from outer scope (line 34) (redefined-outer-name)
W:  8, 8: Redefining name 'lines' from outer scope (line 30) (redefined-outer-name)
C:  5, 0: Missing function docstring (missing-docstring)
C:  7,27: Invalid variable name "f" (invalid-name)
C: 12, 0: Missing function docstring (missing-docstring)
W: 13, 4: Using the global statement (global-statement)
C: 13, 4: Invalid constant name "solution" (invalid-name)
C: 17,12: Invalid variable name "ID" (invalid-name)
C: 30, 0: Invalid constant name "lines" (invalid-name)
R:  1, 0: Similar lines in 2 files
==juanfgomeza:0
==juanfgomeza:0
import sys
import itertools


def get_file():
    filename = sys.argv[1]
    with open(filename) as f:
        lines = f.readlines()
        lines = [i.strip('\n') for i in lines]
        return lines

def check_package(id_list):
    global solution
    for id_group in id_list:
        weigth = 0
        cost = 0
        for ID in id_group:
            weigth += items[ID][1]
            cost += items[ID][2]
        if weigth > package_weight:
            continue
        if cost > solution[2]:
            solution = (id_group, weigth, cost)
        elif cost == solution[2]:
            if weigth < solution[1]:
                solution = (id_group, weigth, cost)
    return None

# Package problem
lines = get_file()
for line in lines:
    solution = ( "-", 0, 0)
    [package_weight, items]= line.replace('$', '').split(":")
    items = [eval(i) for i in items.strip().split(' ')]
    package_weight = eval(package_weight.strip())
    combs = []
    for i in range(1, len(items)):
        check_package(list(itertools.combinations(range(len(items)), i)))

    if solution[0] == '-':
        print "-"
    else:
        print ','.join([str(i+1) for i in solution[0]])
 (duplicate-code)


Report
======
73 statements analysed.

Messages by category
--------------------

+-----------+-------+---------+-----------+
|type       |number |previous |difference |
+===========+=======+=========+===========+
|convention |26     |NC       |NC         |
+-----------+-------+---------+-----------+
|refactor   |1      |NC       |NC         |
+-----------+-------+---------+-----------+
|warning    |6      |NC       |NC         |
+-----------+-------+---------+-----------+
|error      |0      |NC       |NC         |
+-----------+-------+---------+-----------+



Messages
--------

+---------------------+------------+
|message id           |occurrences |
+=====================+============+
|trailing-whitespace  |8           |
+---------------------+------------+
|invalid-name         |8           |
+---------------------+------------+
|missing-docstring    |6           |
+---------------------+------------+
|redefined-outer-name |4           |
+---------------------+------------+
|bad-whitespace       |4           |
+---------------------+------------+
|global-statement     |2           |
+---------------------+------------+
|duplicate-code       |1           |
+---------------------+------------+



Global evaluation
-----------------
Your code has been rated at 5.48/10

Statistics by type
------------------

+---------+-------+-----------+-----------+------------+---------+
|type     |number |old number |difference |%documented |%badname |
+=========+=======+===========+===========+============+=========+
|module   |2      |NC         |NC         |0.00        |0.00     |
+---------+-------+-----------+-----------+------------+---------+
|class    |0      |NC         |NC         |0           |0        |
+---------+-------+-----------+-----------+------------+---------+
|method   |0      |NC         |NC         |0           |0        |
+---------+-------+-----------+-----------+------------+---------+
|function |4      |NC         |NC         |0.00        |0.00     |
+---------+-------+-----------+-----------+------------+---------+



Duplication
-----------

+-------------------------+-------+---------+-----------+
|                         |now    |previous |difference |
+=========================+=======+=========+===========+
|nb duplicated lines      |44     |NC       |NC         |
+-------------------------+-------+---------+-----------+
|percent duplicated lines |50.000 |NC       |NC         |
+-------------------------+-------+---------+-----------+



Raw metrics
-----------

+----------+-------+------+---------+-----------+
|type      |number |%     |previous |difference |
+==========+=======+======+=========+===========+
|code      |76     |95.00 |NC       |NC         |
+----------+-------+------+---------+-----------+
|docstring |0      |0.00  |NC       |NC         |
+----------+-------+------+---------+-----------+
|comment   |2      |2.50  |NC       |NC         |
+----------+-------+------+---------+-----------+
|empty     |2      |2.50  |NC       |NC         |
+----------+-------+------+---------+-----------+



