challenges/codeabbey/049/john2104.py:4:1: W191 indentation contains tabs
challenges/codeabbey/049/john2104.py:4:1: W293 blank line contains whitespace
challenges/codeabbey/049/john2104.py:5:1: W191 indentation contains tabs
challenges/codeabbey/049/john2104.py:6:1: W191 indentation contains tabs
challenges/codeabbey/049/john2104.py:7:1: W191 indentation contains tabs
challenges/codeabbey/049/john2104.py:8:1: W191 indentation contains tabs
challenges/codeabbey/049/john2104.py:9:1: W191 indentation contains tabs
challenges/codeabbey/049/john2104.py:9:10: E225 missing whitespace around operator
challenges/codeabbey/049/john2104.py:9:24: E225 missing whitespace around operator
challenges/codeabbey/049/john2104.py:10:1: W191 indentation contains tabs
challenges/codeabbey/049/john2104.py:10:21: E225 missing whitespace around operator
challenges/codeabbey/049/john2104.py:11:1: W191 indentation contains tabs
challenges/codeabbey/049/john2104.py:11:12: E225 missing whitespace around operator
challenges/codeabbey/049/john2104.py:11:26: E225 missing whitespace around operator
challenges/codeabbey/049/john2104.py:12:1: W191 indentation contains tabs
challenges/codeabbey/049/john2104.py:12:21: E225 missing whitespace around operator
challenges/codeabbey/049/john2104.py:13:1: W191 indentation contains tabs
challenges/codeabbey/049/john2104.py:13:12: E225 missing whitespace around operator
challenges/codeabbey/049/john2104.py:13:26: E225 missing whitespace around operator
challenges/codeabbey/049/john2104.py:14:1: W191 indentation contains tabs
challenges/codeabbey/049/john2104.py:14:21: E225 missing whitespace around operator
challenges/codeabbey/049/john2104.py:14:22: W291 trailing whitespace
challenges/codeabbey/049/john2104.py:15:1: W191 indentation contains tabs
challenges/codeabbey/049/john2104.py:15:12: E225 missing whitespace around operator
challenges/codeabbey/049/john2104.py:15:26: E225 missing whitespace around operator
challenges/codeabbey/049/john2104.py:16:1: W191 indentation contains tabs
challenges/codeabbey/049/john2104.py:16:21: E225 missing whitespace around operator
challenges/codeabbey/049/john2104.py:17:1: W191 indentation contains tabs
challenges/codeabbey/049/john2104.py:17:12: E225 missing whitespace around operator
challenges/codeabbey/049/john2104.py:17:26: E225 missing whitespace around operator
challenges/codeabbey/049/john2104.py:18:1: W191 indentation contains tabs
challenges/codeabbey/049/john2104.py:18:21: E225 missing whitespace around operator
challenges/codeabbey/049/john2104.py:19:1: W191 indentation contains tabs
challenges/codeabbey/049/john2104.py:19:12: E225 missing whitespace around operator
challenges/codeabbey/049/john2104.py:19:26: E225 missing whitespace around operator
challenges/codeabbey/049/john2104.py:20:1: W191 indentation contains tabs
challenges/codeabbey/049/john2104.py:20:21: E225 missing whitespace around operator
challenges/codeabbey/049/john2104.py:21:1: W191 indentation contains tabs
challenges/codeabbey/049/john2104.py:22:1: W191 indentation contains tabs
challenges/codeabbey/049/john2104.py:23:1: W191 indentation contains tabs
challenges/codeabbey/049/john2104.py:24:1: W191 indentation contains tabs
challenges/codeabbey/049/john2104.py:24:24: E225 missing whitespace around operator
challenges/codeabbey/047/john2104.py:2:4: E225 missing whitespace around operator
challenges/codeabbey/047/john2104.py:3:7: E225 missing whitespace around operator
challenges/codeabbey/047/john2104.py:5:5: E231 missing whitespace after ','
challenges/codeabbey/047/john2104.py:9:1: W191 indentation contains tabs
challenges/codeabbey/047/john2104.py:10:1: W191 indentation contains tabs
challenges/codeabbey/047/john2104.py:10:1: W293 blank line contains whitespace
challenges/codeabbey/047/john2104.py:11:1: W191 indentation contains tabs
challenges/codeabbey/047/john2104.py:12:1: W191 indentation contains tabs
challenges/codeabbey/047/john2104.py:12:7: E225 missing whitespace around operator
challenges/codeabbey/047/john2104.py:13:1: W191 indentation contains tabs
challenges/codeabbey/047/john2104.py:13:25: E225 missing whitespace around operator
challenges/codeabbey/047/john2104.py:14:1: W191 indentation contains tabs
challenges/codeabbey/047/john2104.py:14:9: E225 missing whitespace around operator
challenges/codeabbey/047/john2104.py:15:1: W191 indentation contains tabs
challenges/codeabbey/047/john2104.py:15:25: E225 missing whitespace around operator
challenges/codeabbey/047/john2104.py:16:1: W191 indentation contains tabs
challenges/codeabbey/047/john2104.py:17:1: W191 indentation contains tabs
challenges/codeabbey/047/john2104.py:17:7: E225 missing whitespace around operator
challenges/codeabbey/047/john2104.py:18:1: W191 indentation contains tabs
challenges/codeabbey/047/john2104.py:18:1: W293 blank line contains whitespace
challenges/codeabbey/047/john2104.py:19:1: W191 indentation contains tabs
challenges/codeabbey/047/john2104.py:20:1: W191 indentation contains tabs
challenges/codeabbey/047/john2104.py:21:1: W191 indentation contains tabs
challenges/codeabbey/047/john2104.py:22:1: W191 indentation contains tabs
challenges/codeabbey/047/john2104.py:23:1: W191 indentation contains tabs
challenges/codeabbey/047/john2104.py:24:1: W191 indentation contains tabs
challenges/codeabbey/047/john2104.py:24:8: E225 missing whitespace around operator
challenges/codeabbey/047/john2104.py:25:1: W191 indentation contains tabs
challenges/codeabbey/047/john2104.py:26:1: W191 indentation contains tabs
challenges/codeabbey/047/john2104.py:26:1: W293 blank line contains whitespace
challenges/codeabbey/067/john2104.py:2:1: W191 indentation contains tabs
challenges/codeabbey/067/john2104.py:3:1: W191 indentation contains tabs
challenges/codeabbey/067/john2104.py:4:1: W191 indentation contains tabs
challenges/codeabbey/067/john2104.py:5:1: W191 indentation contains tabs
challenges/codeabbey/067/john2104.py:5:18: E231 missing whitespace after ','
challenges/codeabbey/067/john2104.py:6:1: W191 indentation contains tabs
challenges/codeabbey/067/john2104.py:7:1: W191 indentation contains tabs
challenges/codeabbey/067/john2104.py:11:6: E272 multiple spaces before keyword
challenges/codeabbey/067/john2104.py:12:1: W191 indentation contains tabs
challenges/codeabbey/067/john2104.py:13:1: W191 indentation contains tabs
challenges/codeabbey/067/john2104.py:13:29: E228 missing whitespace around modulo operator
challenges/codeabbey/104/john2104.py:4:1: E302 expected 2 blank lines, found 1
challenges/codeabbey/104/john2104.py:24:1: E302 expected 2 blank lines, found 1
challenges/codeabbey/104/john2104.py:24:18: E231 missing whitespace after ','
challenges/codeabbey/104/john2104.py:24:21: E231 missing whitespace after ','
challenges/codeabbey/104/john2104.py:24:24: E231 missing whitespace after ','
challenges/codeabbey/104/john2104.py:25:1: E101 indentation contains mixed spaces and tabs
challenges/codeabbey/104/john2104.py:25:1: W191 indentation contains tabs
challenges/codeabbey/104/john2104.py:25:1: W293 blank line contains whitespace
challenges/codeabbey/104/john2104.py:26:1: E101 indentation contains mixed spaces and tabs
challenges/codeabbey/104/john2104.py:26:1: W191 indentation contains tabs
challenges/codeabbey/104/john2104.py:26:24: E231 missing whitespace after ','
challenges/codeabbey/104/john2104.py:26:39: E231 missing whitespace after ','
challenges/codeabbey/104/john2104.py:27:1: E101 indentation contains mixed spaces and tabs
challenges/codeabbey/104/john2104.py:27:1: W191 indentation contains tabs
challenges/codeabbey/104/john2104.py:29:1: E302 expected 2 blank lines, found 1
challenges/codeabbey/104/john2104.py:29:15: E231 missing whitespace after ','
challenges/codeabbey/104/john2104.py:29:17: E231 missing whitespace after ','
challenges/codeabbey/104/john2104.py:30:1: E101 indentation contains mixed spaces and tabs
challenges/codeabbey/104/john2104.py:30:1: W191 indentation contains tabs
challenges/codeabbey/104/john2104.py:31:1: E101 indentation contains mixed spaces and tabs
challenges/codeabbey/104/john2104.py:31:1: W191 indentation contains tabs
challenges/codeabbey/104/john2104.py:31:1: W293 blank line contains whitespace
challenges/codeabbey/104/john2104.py:32:1: E101 indentation contains mixed spaces and tabs
challenges/codeabbey/104/john2104.py:32:1: W191 indentation contains tabs
challenges/codeabbey/104/john2104.py:34:1: E302 expected 2 blank lines, found 1
challenges/codeabbey/104/john2104.py:35:1: E101 indentation contains mixed spaces and tabs
challenges/codeabbey/104/john2104.py:35:1: W191 indentation contains tabs
challenges/codeabbey/104/john2104.py:36:1: E101 indentation contains mixed spaces and tabs
challenges/codeabbey/104/john2104.py:36:1: W191 indentation contains tabs
challenges/codeabbey/104/john2104.py:37:1: E101 indentation contains mixed spaces and tabs
challenges/codeabbey/104/john2104.py:37:1: W191 indentation contains tabs
challenges/codeabbey/104/john2104.py:38:1: E101 indentation contains mixed spaces and tabs
challenges/codeabbey/104/john2104.py:38:1: W191 indentation contains tabs
challenges/codeabbey/104/john2104.py:38:5: E231 missing whitespace after ','
challenges/codeabbey/104/john2104.py:38:8: E231 missing whitespace after ','
challenges/codeabbey/104/john2104.py:38:11: E231 missing whitespace after ','
challenges/codeabbey/104/john2104.py:38:14: E231 missing whitespace after ','
challenges/codeabbey/104/john2104.py:38:17: E231 missing whitespace after ','
challenges/codeabbey/104/john2104.py:39:1: E101 indentation contains mixed spaces and tabs
challenges/codeabbey/104/john2104.py:39:1: W191 indentation contains tabs
challenges/codeabbey/104/john2104.py:39:1: W293 blank line contains whitespace
challenges/codeabbey/104/john2104.py:40:1: E101 indentation contains mixed spaces and tabs
challenges/codeabbey/104/john2104.py:40:1: W191 indentation contains tabs
challenges/codeabbey/104/john2104.py:40:25: E231 missing whitespace after ','
challenges/codeabbey/104/john2104.py:40:33: E231 missing whitespace after ','
challenges/codeabbey/104/john2104.py:40:41: E231 missing whitespace after ','
challenges/codeabbey/104/john2104.py:41:1: E101 indentation contains mixed spaces and tabs
challenges/codeabbey/104/john2104.py:41:1: W191 indentation contains tabs
challenges/codeabbey/104/john2104.py:41:25: E231 missing whitespace after ','
challenges/codeabbey/104/john2104.py:41:33: E231 missing whitespace after ','
challenges/codeabbey/104/john2104.py:41:41: E231 missing whitespace after ','
challenges/codeabbey/104/john2104.py:42:1: E101 indentation contains mixed spaces and tabs
challenges/codeabbey/104/john2104.py:42:1: W191 indentation contains tabs
challenges/codeabbey/104/john2104.py:42:25: E231 missing whitespace after ','
challenges/codeabbey/104/john2104.py:42:33: E231 missing whitespace after ','
challenges/codeabbey/104/john2104.py:42:41: E231 missing whitespace after ','
challenges/codeabbey/104/john2104.py:43:1: E101 indentation contains mixed spaces and tabs
challenges/codeabbey/104/john2104.py:43:1: W191 indentation contains tabs
challenges/codeabbey/104/john2104.py:43:20: E231 missing whitespace after ','
challenges/codeabbey/104/john2104.py:43:22: E231 missing whitespace after ','
challenges/codeabbey/104/john2104.py:44:1: E101 indentation contains mixed spaces and tabs
challenges/codeabbey/104/john2104.py:44:1: W191 indentation contains tabs
challenges/codeabbey/104/john2104.py:45:1: E101 indentation contains mixed spaces and tabs
challenges/codeabbey/104/john2104.py:45:1: W191 indentation contains tabs
challenges/codeabbey/104/john2104.py:46:1: E101 indentation contains mixed spaces and tabs
challenges/codeabbey/104/john2104.py:46:1: W191 indentation contains tabs
challenges/codeabbey/011/john2104.py:2:11: E231 missing whitespace after ','
challenges/codeabbey/011/john2104.py:3:1: W191 indentation contains tabs
challenges/codeabbey/011/john2104.py:4:1: E302 expected 2 blank lines, found 0
challenges/codeabbey/011/john2104.py:4:13: E231 missing whitespace after ','
challenges/codeabbey/011/john2104.py:5:1: W191 indentation contains tabs
challenges/codeabbey/011/john2104.py:6:4: E273 tab after keyword
challenges/codeabbey/011/john2104.py:7:1: W191 indentation contains tabs
challenges/codeabbey/011/john2104.py:8:1: W191 indentation contains tabs
challenges/codeabbey/011/john2104.py:9:1: W191 indentation contains tabs
challenges/codeabbey/011/john2104.py:9:21: E228 missing whitespace around modulo operator
challenges/codeabbey/011/john2104.py:10:1: W191 indentation contains tabs
challenges/codeabbey/011/john2104.py:11:1: W191 indentation contains tabs
challenges/codeabbey/011/john2104.py:13:1: E302 expected 2 blank lines, found 1
challenges/codeabbey/011/john2104.py:14:1: W191 indentation contains tabs
challenges/codeabbey/011/john2104.py:15:1: W191 indentation contains tabs
challenges/codeabbey/011/john2104.py:16:1: W191 indentation contains tabs
challenges/codeabbey/011/john2104.py:17:1: W191 indentation contains tabs
challenges/codeabbey/011/john2104.py:17:4: E231 missing whitespace after ','
challenges/codeabbey/011/john2104.py:17:6: E231 missing whitespace after ','
challenges/codeabbey/011/john2104.py:19:1: W191 indentation contains tabs
challenges/codeabbey/011/john2104.py:19:22: E231 missing whitespace after ','
challenges/codeabbey/011/john2104.py:19:25: E231 missing whitespace after ','
challenges/codeabbey/011/john2104.py:20:1: W191 indentation contains tabs
challenges/codeabbey/011/john2104.py:20:28: E228 missing whitespace around modulo operator
challenges/codeabbey/011/john2104.py:21:1: W191 indentation contains tabs
challenges/codeabbey/027/john2104.py:7:1: W191 indentation contains tabs
challenges/codeabbey/027/john2104.py:8:1: W191 indentation contains tabs
challenges/codeabbey/027/john2104.py:9:1: W191 indentation contains tabs
challenges/codeabbey/027/john2104.py:10:1: W191 indentation contains tabs
challenges/codeabbey/027/john2104.py:11:1: W191 indentation contains tabs
challenges/codeabbey/027/john2104.py:12:1: W191 indentation contains tabs
challenges/codeabbey/027/john2104.py:13:1: W191 indentation contains tabs
challenges/codeabbey/027/john2104.py:13:20: E225 missing whitespace around operator
challenges/codeabbey/027/john2104.py:14:1: W191 indentation contains tabs
challenges/codeabbey/027/john2104.py:14:20: E225 missing whitespace around operator
challenges/codeabbey/027/john2104.py:15:1: W191 indentation contains tabs
challenges/codeabbey/027/john2104.py:15:14: E231 missing whitespace after ','
challenges/codeabbey/027/john2104.py:15:40: E231 missing whitespace after ','
challenges/codeabbey/027/john2104.py:16:1: W191 indentation contains tabs
challenges/codeabbey/027/john2104.py:16:13: E225 missing whitespace around operator
challenges/codeabbey/027/john2104.py:17:1: W191 indentation contains tabs
challenges/codeabbey/027/john2104.py:19:14: E228 missing whitespace around modulo operator
challenges/codeabbey/027/john2104.py:19:22: E231 missing whitespace after ','
challenges/codeabbey/024/john2104.py:2:1: W191 indentation contains tabs
challenges/codeabbey/024/john2104.py:2:13: E228 missing whitespace around modulo operator
challenges/codeabbey/024/john2104.py:2:18: E225 missing whitespace around operator
challenges/codeabbey/024/john2104.py:2:21: E231 missing whitespace after ':'
challenges/codeabbey/024/john2104.py:2:21: E701 multiple statements on one line (colon)
challenges/codeabbey/024/john2104.py:3:1: W191 indentation contains tabs
challenges/codeabbey/024/john2104.py:3:3: E113 unexpected indentation
challenges/codeabbey/024/john2104.py:3:3: E901 IndentationError: unexpected indent
challenges/codeabbey/024/john2104.py:3:15: E228 missing whitespace around modulo operator
challenges/codeabbey/024/john2104.py:4:1: W191 indentation contains tabs
challenges/codeabbey/024/john2104.py:4:13: E225 missing whitespace around operator
challenges/codeabbey/024/john2104.py:5:1: W191 indentation contains tabs
challenges/codeabbey/024/john2104.py:5:13: E228 missing whitespace around modulo operator
challenges/codeabbey/024/john2104.py:6:1: W191 indentation contains tabs
challenges/codeabbey/024/john2104.py:7:1: W191 indentation contains tabs
challenges/codeabbey/024/john2104.py:7:15: E228 missing whitespace around modulo operator
challenges/codeabbey/024/john2104.py:7:20: E225 missing whitespace around operator
challenges/codeabbey/024/john2104.py:8:1: W191 indentation contains tabs
challenges/codeabbey/024/john2104.py:9:1: W191 indentation contains tabs
challenges/codeabbey/024/john2104.py:9:28: E228 missing whitespace around modulo operator
challenges/codeabbey/024/john2104.py:10:1: W191 indentation contains tabs
challenges/codeabbey/024/john2104.py:10:21: E225 missing whitespace around operator
challenges/codeabbey/024/john2104.py:11:1: W191 indentation contains tabs
challenges/codeabbey/024/john2104.py:11:6: E225 missing whitespace around operator
challenges/codeabbey/024/john2104.py:11:18: E228 missing whitespace around modulo operator
challenges/codeabbey/024/john2104.py:12:1: W191 indentation contains tabs
challenges/codeabbey/024/john2104.py:13:1: W191 indentation contains tabs
challenges/codeabbey/024/john2104.py:13:13: E225 missing whitespace around operator
challenges/codeabbey/024/john2104.py:14:1: W191 indentation contains tabs
challenges/codeabbey/024/john2104.py:16:1: E302 expected 2 blank lines, found 1
challenges/codeabbey/024/john2104.py:16:16: E231 missing whitespace after ','
challenges/codeabbey/024/john2104.py:17:1: W191 indentation contains tabs
challenges/codeabbey/024/john2104.py:17:14: E225 missing whitespace around operator
challenges/codeabbey/024/john2104.py:17:16: E203 whitespace before ':'
challenges/codeabbey/024/john2104.py:18:1: W191 indentation contains tabs
challenges/codeabbey/024/john2104.py:19:1: W191 indentation contains tabs
challenges/codeabbey/024/john2104.py:19:8: E225 missing whitespace around operator
challenges/codeabbey/024/john2104.py:20:1: W191 indentation contains tabs
challenges/codeabbey/024/john2104.py:21:1: W191 indentation contains tabs
challenges/codeabbey/024/john2104.py:23:1: E302 expected 2 blank lines, found 1
challenges/codeabbey/024/john2104.py:24:1: W191 indentation contains tabs
challenges/codeabbey/024/john2104.py:25:1: W191 indentation contains tabs
challenges/codeabbey/024/john2104.py:26:1: W191 indentation contains tabs
challenges/codeabbey/024/john2104.py:27:1: W191 indentation contains tabs
challenges/codeabbey/024/john2104.py:28:1: W191 indentation contains tabs
challenges/codeabbey/024/john2104.py:29:1: W191 indentation contains tabs
challenges/codeabbey/024/john2104.py:30:1: W191 indentation contains tabs
challenges/codeabbey/024/john2104.py:31:1: W191 indentation contains tabs
challenges/codeabbey/024/john2104.py:32:1: W191 indentation contains tabs
challenges/codeabbey/024/john2104.py:33:1: W191 indentation contains tabs
challenges/codeabbey/024/john2104.py:33:7: E225 missing whitespace around operator
challenges/codeabbey/024/john2104.py:34:1: W191 indentation contains tabs
challenges/codeabbey/024/john2104.py:34:21: E231 missing whitespace after ','
challenges/codeabbey/024/john2104.py:35:1: W191 indentation contains tabs
challenges/codeabbey/024/john2104.py:36:1: W191 indentation contains tabs
challenges/codeabbey/024/john2104.py:38:1: W191 indentation contains tabs
challenges/codeabbey/024/john2104.py:38:32: E225 missing whitespace around operator
challenges/codeabbey/024/john2104.py:39:1: W191 indentation contains tabs
challenges/codeabbey/024/john2104.py:40:1: W191 indentation contains tabs
challenges/codeabbey/048/john2104.py:6:1: W191 indentation contains tabs
challenges/codeabbey/048/john2104.py:7:1: W191 indentation contains tabs
challenges/codeabbey/048/john2104.py:8:1: W191 indentation contains tabs
challenges/codeabbey/048/john2104.py:8:9: E225 missing whitespace around operator
challenges/codeabbey/048/john2104.py:9:1: W191 indentation contains tabs
challenges/codeabbey/048/john2104.py:9:18: E225 missing whitespace around operator
challenges/codeabbey/048/john2104.py:10:1: W191 indentation contains tabs
challenges/codeabbey/048/john2104.py:10:7: E228 missing whitespace around modulo operator
challenges/codeabbey/048/john2104.py:10:9: E225 missing whitespace around operator
challenges/codeabbey/048/john2104.py:11:1: W191 indentation contains tabs
challenges/codeabbey/048/john2104.py:12:1: W191 indentation contains tabs
challenges/codeabbey/048/john2104.py:13:1: W191 indentation contains tabs
challenges/codeabbey/048/john2104.py:14:1: W191 indentation contains tabs
challenges/codeabbey/048/john2104.py:14:29: E228 missing whitespace around modulo operator
challenges/codeabbey/009/john2104.py:2:12: E231 missing whitespace after ','
challenges/codeabbey/009/john2104.py:2:14: E231 missing whitespace after ','
challenges/codeabbey/009/john2104.py:3:1: W191 indentation contains tabs
challenges/codeabbey/009/john2104.py:4:1: E302 expected 2 blank lines, found 0
challenges/codeabbey/009/john2104.py:4:15: E231 missing whitespace after ','
challenges/codeabbey/009/john2104.py:4:17: E231 missing whitespace after ','
challenges/codeabbey/009/john2104.py:4:19: E231 missing whitespace after ','
challenges/codeabbey/009/john2104.py:5:1: W191 indentation contains tabs
challenges/codeabbey/009/john2104.py:6:1: E302 expected 2 blank lines, found 0
challenges/codeabbey/009/john2104.py:7:1: W191 indentation contains tabs
challenges/codeabbey/009/john2104.py:8:1: W191 indentation contains tabs
challenges/codeabbey/009/john2104.py:9:1: W191 indentation contains tabs
challenges/codeabbey/009/john2104.py:10:1: W191 indentation contains tabs
challenges/codeabbey/009/john2104.py:10:4: E231 missing whitespace after ','
challenges/codeabbey/009/john2104.py:10:6: E231 missing whitespace after ','
challenges/codeabbey/009/john2104.py:11:1: W191 indentation contains tabs
challenges/codeabbey/009/john2104.py:11:1: W293 blank line contains whitespace
challenges/codeabbey/009/john2104.py:12:1: W191 indentation contains tabs
challenges/codeabbey/009/john2104.py:12:19: E231 missing whitespace after ','
challenges/codeabbey/009/john2104.py:12:26: E231 missing whitespace after ','
challenges/codeabbey/009/john2104.py:13:1: W191 indentation contains tabs
challenges/codeabbey/009/john2104.py:13:23: E231 missing whitespace after ','
challenges/codeabbey/009/john2104.py:13:30: E231 missing whitespace after ','
challenges/codeabbey/009/john2104.py:13:37: E231 missing whitespace after ','
challenges/codeabbey/009/john2104.py:14:1: W191 indentation contains tabs
challenges/codeabbey/009/john2104.py:14:1: W293 blank line contains whitespace
challenges/codeabbey/009/john2104.py:15:1: W191 indentation contains tabs
challenges/codeabbey/009/john2104.py:16:1: W191 indentation contains tabs
challenges/codeabbey/009/john2104.py:17:1: W191 indentation contains tabs
challenges/codeabbey/009/john2104.py:18:1: W191 indentation contains tabs
challenges/codeabbey/009/john2104.py:19:1: W191 indentation contains tabs
challenges/codeabbey/016/john2104.py:4:1: W191 indentation contains tabs
challenges/codeabbey/016/john2104.py:5:1: W191 indentation contains tabs
challenges/codeabbey/016/john2104.py:6:1: W191 indentation contains tabs
challenges/codeabbey/016/john2104.py:7:1: W191 indentation contains tabs
challenges/codeabbey/016/john2104.py:8:1: W191 indentation contains tabs
challenges/codeabbey/016/john2104.py:9:1: W191 indentation contains tabs
challenges/codeabbey/016/john2104.py:10:1: W191 indentation contains tabs
challenges/codeabbey/016/john2104.py:10:4: E225 missing whitespace around operator
challenges/codeabbey/016/john2104.py:11:1: W191 indentation contains tabs
challenges/codeabbey/016/john2104.py:12:1: W191 indentation contains tabs
challenges/codeabbey/016/john2104.py:12:27: E228 missing whitespace around modulo operator
challenges/codeabbey/017/john2104.py:5:1: W191 indentation contains tabs
challenges/codeabbey/017/john2104.py:5:1: W293 blank line contains whitespace
challenges/codeabbey/017/john2104.py:6:1: W191 indentation contains tabs
challenges/codeabbey/017/john2104.py:6:34: E228 missing whitespace around modulo operator
challenges/codeabbey/017/john2104.py:10:1: E303 too many blank lines (3)
challenges/codeabbey/018/john2104.py:4:1: W191 indentation contains tabs
challenges/codeabbey/018/john2104.py:4:3: E231 missing whitespace after ','
challenges/codeabbey/018/john2104.py:5:1: W191 indentation contains tabs
challenges/codeabbey/018/john2104.py:6:1: W191 indentation contains tabs
challenges/codeabbey/018/john2104.py:7:1: W191 indentation contains tabs
challenges/codeabbey/018/john2104.py:8:1: W191 indentation contains tabs
challenges/codeabbey/018/john2104.py:9:1: W191 indentation contains tabs
challenges/codeabbey/018/john2104.py:9:23: E225 missing whitespace around operator
challenges/codeabbey/018/john2104.py:9:31: E228 missing whitespace around modulo operator
challenges/codeabbey/018/john2104.py:11:1: W191 indentation contains tabs
challenges/codeabbey/018/john2104.py:11:1: W293 blank line contains whitespace
challenges/codeabbey/018/john2104.py:11:1: W391 blank line at end of file
challenges/codeabbey/068/john2104.py:4:1: W191 indentation contains tabs
challenges/codeabbey/068/john2104.py:4:1: W293 blank line contains whitespace
challenges/codeabbey/068/john2104.py:5:1: W191 indentation contains tabs
challenges/codeabbey/068/john2104.py:5:3: E231 missing whitespace after ','
challenges/codeabbey/068/john2104.py:5:5: E231 missing whitespace after ','
challenges/codeabbey/068/john2104.py:6:1: W191 indentation contains tabs
challenges/codeabbey/068/john2104.py:6:1: W293 blank line contains whitespace
challenges/codeabbey/068/john2104.py:7:1: W191 indentation contains tabs
challenges/codeabbey/068/john2104.py:7:3: E225 missing whitespace around operator
challenges/codeabbey/068/john2104.py:8:1: W191 indentation contains tabs
challenges/codeabbey/068/john2104.py:9:1: W191 indentation contains tabs
challenges/codeabbey/068/john2104.py:10:1: W191 indentation contains tabs
challenges/codeabbey/068/john2104.py:11:1: W191 indentation contains tabs
challenges/codeabbey/068/john2104.py:12:1: W191 indentation contains tabs
challenges/codeabbey/068/john2104.py:12:1: W293 blank line contains whitespace
challenges/codeabbey/068/john2104.py:13:1: W191 indentation contains tabs
challenges/codeabbey/068/john2104.py:13:27: E228 missing whitespace around modulo operator
challenges/codeabbey/068/john2104.py:14:1: W191 indentation contains tabs
challenges/codeabbey/068/john2104.py:14:1: W293 blank line contains whitespace
challenges/codeabbey/068/john2104.py:15:1: W191 indentation contains tabs
challenges/codeabbey/068/john2104.py:15:1: W293 blank line contains whitespace
challenges/codeabbey/010/john2104.py:5:1: W191 indentation contains tabs
challenges/codeabbey/010/john2104.py:5:4: E231 missing whitespace after ','
challenges/codeabbey/010/john2104.py:5:7: E231 missing whitespace after ','
challenges/codeabbey/010/john2104.py:5:10: E231 missing whitespace after ','
challenges/codeabbey/010/john2104.py:6:1: W191 indentation contains tabs
challenges/codeabbey/010/john2104.py:6:1: W293 blank line contains whitespace
challenges/codeabbey/010/john2104.py:7:1: W191 indentation contains tabs
challenges/codeabbey/010/john2104.py:8:1: W191 indentation contains tabs
challenges/codeabbey/010/john2104.py:9:1: W191 indentation contains tabs
challenges/codeabbey/010/john2104.py:9:1: W293 blank line contains whitespace
challenges/codeabbey/010/john2104.py:10:1: W191 indentation contains tabs
challenges/codeabbey/010/john2104.py:10:36: E225 missing whitespace around operator
challenges/codeabbey/010/john2104.py:10:38: E231 missing whitespace after ','
challenges/codeabbey/010/john2104.py:11:1: W191 indentation contains tabs
challenges/codeabbey/010/john2104.py:11:1: W293 blank line contains whitespace
challenges/codeabbey/035/john2104.py:4:1: W191 indentation contains tabs
challenges/codeabbey/035/john2104.py:4:1: W293 blank line contains whitespace
challenges/codeabbey/035/john2104.py:5:1: W191 indentation contains tabs
challenges/codeabbey/035/john2104.py:5:3: E231 missing whitespace after ','
challenges/codeabbey/035/john2104.py:5:5: E231 missing whitespace after ','
challenges/codeabbey/035/john2104.py:6:1: W191 indentation contains tabs
challenges/codeabbey/035/john2104.py:6:1: W293 blank line contains whitespace
challenges/codeabbey/035/john2104.py:7:1: W191 indentation contains tabs
challenges/codeabbey/035/john2104.py:7:24: E231 missing whitespace after ','
challenges/codeabbey/035/john2104.py:8:1: W191 indentation contains tabs
challenges/codeabbey/035/john2104.py:9:1: W191 indentation contains tabs
challenges/codeabbey/035/john2104.py:9:13: E225 missing whitespace around operator
challenges/codeabbey/035/john2104.py:9:28: E231 missing whitespace after ','
challenges/codeabbey/035/john2104.py:10:1: W191 indentation contains tabs
challenges/codeabbey/035/john2104.py:10:43: E231 missing whitespace after ','
challenges/codeabbey/035/john2104.py:11:1: W191 indentation contains tabs
challenges/codeabbey/035/john2104.py:12:1: W191 indentation contains tabs
challenges/codeabbey/035/john2104.py:12:29: E228 missing whitespace around modulo operator
challenges/codeabbey/035/john2104.py:14:1: W191 indentation contains tabs
challenges/codeabbey/035/john2104.py:14:1: W293 blank line contains whitespace
challenges/codeabbey/035/john2104.py:15:1: W191 indentation contains tabs
challenges/codeabbey/035/john2104.py:15:1: W293 blank line contains whitespace
challenges/codeabbey/035/john2104.py:15:1: W391 blank line at end of file
challenges/codeabbey/081/john2104.py:8:1: W191 indentation contains tabs
challenges/codeabbey/081/john2104.py:9:1: W191 indentation contains tabs
challenges/codeabbey/081/john2104.py:10:1: W191 indentation contains tabs
challenges/codeabbey/081/john2104.py:11:1: W191 indentation contains tabs
challenges/codeabbey/081/john2104.py:12:1: W191 indentation contains tabs
challenges/codeabbey/081/john2104.py:13:1: W191 indentation contains tabs
challenges/codeabbey/081/john2104.py:13:23: E225 missing whitespace around operator
challenges/codeabbey/081/john2104.py:13:28: E228 missing whitespace around modulo operator
challenges/codeabbey/145/john2104.py:4:1: E302 expected 2 blank lines, found 1
challenges/codeabbey/145/john2104.py:5:1: W191 indentation contains tabs
challenges/codeabbey/145/john2104.py:6:1: W191 indentation contains tabs
challenges/codeabbey/145/john2104.py:7:1: W191 indentation contains tabs
challenges/codeabbey/145/john2104.py:8:1: W191 indentation contains tabs
challenges/codeabbey/145/john2104.py:9:1: W191 indentation contains tabs
challenges/codeabbey/145/john2104.py:10:1: W191 indentation contains tabs
challenges/codeabbey/145/john2104.py:11:1: W191 indentation contains tabs
challenges/codeabbey/145/john2104.py:13:1: W191 indentation contains tabs
challenges/codeabbey/145/john2104.py:13:3: E231 missing whitespace after ','
challenges/codeabbey/145/john2104.py:13:5: E231 missing whitespace after ','
challenges/codeabbey/145/john2104.py:15:1: W191 indentation contains tabs
challenges/codeabbey/145/john2104.py:15:22: E231 missing whitespace after ','
challenges/codeabbey/145/john2104.py:15:29: E231 missing whitespace after ','
challenges/codeabbey/145/john2104.py:17:1: W191 indentation contains tabs
challenges/codeabbey/145/john2104.py:17:31: E225 missing whitespace around operator
challenges/codeabbey/043/john2104.py:4:1: W191 indentation contains tabs
challenges/codeabbey/043/john2104.py:4:31: E225 missing whitespace around operator
challenges/codeabbey/023/john2104.py:2:1: W191 indentation contains tabs
challenges/codeabbey/023/john2104.py:3:1: W191 indentation contains tabs
challenges/codeabbey/023/john2104.py:4:1: W191 indentation contains tabs
challenges/codeabbey/023/john2104.py:4:35: E228 missing whitespace around modulo operator
challenges/codeabbey/023/john2104.py:5:1: W191 indentation contains tabs
challenges/codeabbey/023/john2104.py:10:1: W191 indentation contains tabs
challenges/codeabbey/023/john2104.py:11:1: W191 indentation contains tabs
challenges/codeabbey/023/john2104.py:12:1: W191 indentation contains tabs
challenges/codeabbey/023/john2104.py:13:1: W191 indentation contains tabs
challenges/codeabbey/023/john2104.py:13:19: E225 missing whitespace around operator
challenges/codeabbey/023/john2104.py:14:1: W191 indentation contains tabs
challenges/codeabbey/023/john2104.py:14:13: E231 missing whitespace after ','
challenges/codeabbey/023/john2104.py:14:39: E231 missing whitespace after ','
challenges/codeabbey/023/john2104.py:15:1: W191 indentation contains tabs
challenges/codeabbey/023/john2104.py:15:1: W293 blank line contains whitespace
challenges/codeabbey/023/john2104.py:16:16: E225 missing whitespace around operator
challenges/codeabbey/023/john2104.py:16:22: E231 missing whitespace after ','
challenges/codeabbey/023/john2104.py:17:1: W391 blank line at end of file
challenges/codeabbey/021/john2104.py:1:2: E231 missing whitespace after ','
challenges/codeabbey/021/john2104.py:7:1: W191 indentation contains tabs
challenges/codeabbey/021/john2104.py:12:1: W191 indentation contains tabs
challenges/codeabbey/021/john2104.py:12:19: E225 missing whitespace around operator
challenges/codeabbey/021/john2104.py:12:24: E228 missing whitespace around modulo operator
challenges/codeabbey/021/john2104.py:14:1: W391 blank line at end of file
challenges/codeabbey/032/john2104.py:1:12: E231 missing whitespace after ','
challenges/codeabbey/032/john2104.py:2:1: W191 indentation contains tabs
challenges/codeabbey/032/john2104.py:2:6: E225 missing whitespace around operator
challenges/codeabbey/032/john2104.py:3:1: W191 indentation contains tabs
challenges/codeabbey/032/john2104.py:4:1: W191 indentation contains tabs
challenges/codeabbey/032/john2104.py:5:1: W191 indentation contains tabs
challenges/codeabbey/032/john2104.py:5:20: E231 missing whitespace after ','
challenges/codeabbey/032/john2104.py:5:26: E228 missing whitespace around modulo operator
challenges/codeabbey/032/john2104.py:6:1: W191 indentation contains tabs
challenges/codeabbey/032/john2104.py:6:1: W293 blank line contains whitespace
challenges/codeabbey/032/john2104.py:7:2: E231 missing whitespace after ','
challenges/codeabbey/032/john2104.py:9:20: E231 missing whitespace after ','
challenges/codeabbey/032/john2104.py:10:1: W191 indentation contains tabs
challenges/codeabbey/032/john2104.py:10:1: W293 blank line contains whitespace
challenges/codeabbey/008/john2104.py:5:1: W191 indentation contains tabs
challenges/codeabbey/008/john2104.py:5:3: E231 missing whitespace after ','
challenges/codeabbey/008/john2104.py:5:5: E231 missing whitespace after ','
challenges/codeabbey/008/john2104.py:6:1: W191 indentation contains tabs
challenges/codeabbey/008/john2104.py:6:1: W293 blank line contains whitespace
challenges/codeabbey/008/john2104.py:7:1: W191 indentation contains tabs
challenges/codeabbey/008/john2104.py:8:1: W191 indentation contains tabs
challenges/codeabbey/008/john2104.py:9:1: W191 indentation contains tabs
challenges/codeabbey/008/john2104.py:9:18: E225 missing whitespace around operator
challenges/codeabbey/008/john2104.py:10:1: W191 indentation contains tabs
challenges/codeabbey/008/john2104.py:10:31: E225 missing whitespace around operator
challenges/codeabbey/008/john2104.py:11:1: W191 indentation contains tabs
challenges/codeabbey/008/john2104.py:11:1: W293 blank line contains whitespace
