No config file found, using default configuration
************* Module john2104
C:  4, 0: Trailing whitespace (trailing-whitespace)
W:  5, 0: Found indentation with tabs instead of spaces (mixed-indentation)
W:  6, 0: Found indentation with tabs instead of spaces (mixed-indentation)
W:  7, 0: Found indentation with tabs instead of spaces (mixed-indentation)
W:  8, 0: Found indentation with tabs instead of spaces (mixed-indentation)
W:  9, 0: Found indentation with tabs instead of spaces (mixed-indentation)
C:  9, 0: Exactly one space required around assignment
		if n[0]=='P' and n[1]=='R':
         ^^ (bad-whitespace)
C:  9, 0: Exactly one space required around assignment
		if n[0]=='P' and n[1]=='R':
                       ^^ (bad-whitespace)
W: 10, 0: Found indentation with tabs instead of spaces (mixed-indentation)
W: 11, 0: Found indentation with tabs instead of spaces (mixed-indentation)
C: 11, 0: Exactly one space required around assignment
		elif n[0]=='S' and n[1]=='P':
           ^^ (bad-whitespace)
C: 11, 0: Exactly one space required around assignment
		elif n[0]=='S' and n[1]=='P':
                         ^^ (bad-whitespace)
W: 12, 0: Found indentation with tabs instead of spaces (mixed-indentation)
W: 13, 0: Found indentation with tabs instead of spaces (mixed-indentation)
C: 13, 0: Exactly one space required around assignment
		elif n[0]=='R' and n[1]=='S':
           ^^ (bad-whitespace)
C: 13, 0: Exactly one space required around assignment
		elif n[0]=='R' and n[1]=='S':
                         ^^ (bad-whitespace)
W: 14, 0: Found indentation with tabs instead of spaces (mixed-indentation)
C: 14, 0: Trailing whitespace (trailing-whitespace)
W: 15, 0: Found indentation with tabs instead of spaces (mixed-indentation)
C: 15, 0: Exactly one space required around assignment
		elif n[1]=='P' and n[0]=='R':
           ^^ (bad-whitespace)
C: 15, 0: Exactly one space required around assignment
		elif n[1]=='P' and n[0]=='R':
                         ^^ (bad-whitespace)
W: 16, 0: Found indentation with tabs instead of spaces (mixed-indentation)
W: 17, 0: Found indentation with tabs instead of spaces (mixed-indentation)
C: 17, 0: Exactly one space required around assignment
		elif n[1]=='S' and n[0]=='P':
           ^^ (bad-whitespace)
C: 17, 0: Exactly one space required around assignment
		elif n[1]=='S' and n[0]=='P':
                         ^^ (bad-whitespace)
W: 18, 0: Found indentation with tabs instead of spaces (mixed-indentation)
W: 19, 0: Found indentation with tabs instead of spaces (mixed-indentation)
C: 19, 0: Exactly one space required around assignment
		elif n[1]=='R' and n[0]=='S':
           ^^ (bad-whitespace)
C: 19, 0: Exactly one space required around assignment
		elif n[1]=='R' and n[0]=='S':
                         ^^ (bad-whitespace)
W: 20, 0: Found indentation with tabs instead of spaces (mixed-indentation)
W: 21, 0: Found indentation with tabs instead of spaces (mixed-indentation)
W: 22, 0: Found indentation with tabs instead of spaces (mixed-indentation)
W: 23, 0: Found indentation with tabs instead of spaces (mixed-indentation)
W: 24, 0: Found indentation with tabs instead of spaces (mixed-indentation)
C:  1, 0: Missing module docstring (missing-docstring)
C:  1, 0: Invalid constant name "nVal" (invalid-name)
C:  2, 0: Invalid constant name "response" (invalid-name)
C:  4, 0: Trailing whitespace (trailing-whitespace)
W:  5, 0: Found indentation with tabs instead of spaces (mixed-indentation)
W:  6, 0: Found indentation with tabs instead of spaces (mixed-indentation)
W:  7, 0: Found indentation with tabs instead of spaces (mixed-indentation)
W:  8, 0: Found indentation with tabs instead of spaces (mixed-indentation)
W:  9, 0: Found indentation with tabs instead of spaces (mixed-indentation)
C:  9, 0: Exactly one space required around assignment
		if n[0]=='P' and n[1]=='R':
         ^^ (bad-whitespace)
C:  9, 0: Exactly one space required around assignment
		if n[0]=='P' and n[1]=='R':
                       ^^ (bad-whitespace)
W: 10, 0: Found indentation with tabs instead of spaces (mixed-indentation)
W: 11, 0: Found indentation with tabs instead of spaces (mixed-indentation)
C: 11, 0: Exactly one space required around assignment
		elif n[0]=='S' and n[1]=='P':
           ^^ (bad-whitespace)
C: 11, 0: Exactly one space required around assignment
		elif n[0]=='S' and n[1]=='P':
                         ^^ (bad-whitespace)
W: 12, 0: Found indentation with tabs instead of spaces (mixed-indentation)
W: 13, 0: Found indentation with tabs instead of spaces (mixed-indentation)
C: 13, 0: Exactly one space required around assignment
		elif n[0]=='R' and n[1]=='S':
           ^^ (bad-whitespace)
C: 13, 0: Exactly one space required around assignment
		elif n[0]=='R' and n[1]=='S':
                         ^^ (bad-whitespace)
W: 14, 0: Found indentation with tabs instead of spaces (mixed-indentation)
C: 14, 0: Trailing whitespace (trailing-whitespace)
W: 15, 0: Found indentation with tabs instead of spaces (mixed-indentation)
C: 15, 0: Exactly one space required around assignment
		elif n[1]=='P' and n[0]=='R':
           ^^ (bad-whitespace)
C: 15, 0: Exactly one space required around assignment
		elif n[1]=='P' and n[0]=='R':
                         ^^ (bad-whitespace)
W: 16, 0: Found indentation with tabs instead of spaces (mixed-indentation)
W: 17, 0: Found indentation with tabs instead of spaces (mixed-indentation)
C: 17, 0: Exactly one space required around assignment
		elif n[1]=='S' and n[0]=='P':
           ^^ (bad-whitespace)
C: 17, 0: Exactly one space required around assignment
		elif n[1]=='S' and n[0]=='P':
                         ^^ (bad-whitespace)
W: 18, 0: Found indentation with tabs instead of spaces (mixed-indentation)
W: 19, 0: Found indentation with tabs instead of spaces (mixed-indentation)
C: 19, 0: Exactly one space required around assignment
		elif n[1]=='R' and n[0]=='S':
           ^^ (bad-whitespace)
C: 19, 0: Exactly one space required around assignment
		elif n[1]=='R' and n[0]=='S':
                         ^^ (bad-whitespace)
W: 20, 0: Found indentation with tabs instead of spaces (mixed-indentation)
W: 21, 0: Found indentation with tabs instead of spaces (mixed-indentation)
W: 22, 0: Found indentation with tabs instead of spaces (mixed-indentation)
W: 23, 0: Found indentation with tabs instead of spaces (mixed-indentation)
W: 24, 0: Found indentation with tabs instead of spaces (mixed-indentation)
C:  1, 0: Missing module docstring (missing-docstring)
C:  1, 0: Invalid constant name "nVal" (invalid-name)
C:  2, 0: Invalid constant name "response" (invalid-name)
C:  4, 0: Trailing whitespace (trailing-whitespace)
W:  5, 0: Found indentation with tabs instead of spaces (mixed-indentation)
W:  6, 0: Found indentation with tabs instead of spaces (mixed-indentation)
W:  7, 0: Found indentation with tabs instead of spaces (mixed-indentation)
W:  8, 0: Found indentation with tabs instead of spaces (mixed-indentation)
W:  9, 0: Found indentation with tabs instead of spaces (mixed-indentation)
C:  9, 0: Exactly one space required around assignment
		if n[0]=='P' and n[1]=='R':
         ^^ (bad-whitespace)
C:  9, 0: Exactly one space required around assignment
		if n[0]=='P' and n[1]=='R':
                       ^^ (bad-whitespace)
W: 10, 0: Found indentation with tabs instead of spaces (mixed-indentation)
W: 11, 0: Found indentation with tabs instead of spaces (mixed-indentation)
C: 11, 0: Exactly one space required around assignment
		elif n[0]=='S' and n[1]=='P':
           ^^ (bad-whitespace)
C: 11, 0: Exactly one space required around assignment
		elif n[0]=='S' and n[1]=='P':
                         ^^ (bad-whitespace)
W: 12, 0: Found indentation with tabs instead of spaces (mixed-indentation)
W: 13, 0: Found indentation with tabs instead of spaces (mixed-indentation)
C: 13, 0: Exactly one space required around assignment
		elif n[0]=='R' and n[1]=='S':
           ^^ (bad-whitespace)
C: 13, 0: Exactly one space required around assignment
		elif n[0]=='R' and n[1]=='S':
                         ^^ (bad-whitespace)
W: 14, 0: Found indentation with tabs instead of spaces (mixed-indentation)
C: 14, 0: Trailing whitespace (trailing-whitespace)
W: 15, 0: Found indentation with tabs instead of spaces (mixed-indentation)
C: 15, 0: Exactly one space required around assignment
		elif n[1]=='P' and n[0]=='R':
           ^^ (bad-whitespace)
C: 15, 0: Exactly one space required around assignment
		elif n[1]=='P' and n[0]=='R':
                         ^^ (bad-whitespace)
W: 16, 0: Found indentation with tabs instead of spaces (mixed-indentation)
W: 17, 0: Found indentation with tabs instead of spaces (mixed-indentation)
C: 17, 0: Exactly one space required around assignment
		elif n[1]=='S' and n[0]=='P':
           ^^ (bad-whitespace)
C: 17, 0: Exactly one space required around assignment
		elif n[1]=='S' and n[0]=='P':
                         ^^ (bad-whitespace)
W: 18, 0: Found indentation with tabs instead of spaces (mixed-indentation)
W: 19, 0: Found indentation with tabs instead of spaces (mixed-indentation)
C: 19, 0: Exactly one space required around assignment
		elif n[1]=='R' and n[0]=='S':
           ^^ (bad-whitespace)
C: 19, 0: Exactly one space required around assignment
		elif n[1]=='R' and n[0]=='S':
                         ^^ (bad-whitespace)
W: 20, 0: Found indentation with tabs instead of spaces (mixed-indentation)
W: 21, 0: Found indentation with tabs instead of spaces (mixed-indentation)
W: 22, 0: Found indentation with tabs instead of spaces (mixed-indentation)
W: 23, 0: Found indentation with tabs instead of spaces (mixed-indentation)
W: 24, 0: Found indentation with tabs instead of spaces (mixed-indentation)
C:  1, 0: Missing module docstring (missing-docstring)
C:  1, 0: Invalid constant name "nVal" (invalid-name)
C:  2, 0: Invalid constant name "response" (invalid-name)
C:  4, 0: Trailing whitespace (trailing-whitespace)
W:  5, 0: Found indentation with tabs instead of spaces (mixed-indentation)
W:  6, 0: Found indentation with tabs instead of spaces (mixed-indentation)
W:  7, 0: Found indentation with tabs instead of spaces (mixed-indentation)
W:  8, 0: Found indentation with tabs instead of spaces (mixed-indentation)
W:  9, 0: Found indentation with tabs instead of spaces (mixed-indentation)
C:  9, 0: Exactly one space required around assignment
		if n[0]=='P' and n[1]=='R':
         ^^ (bad-whitespace)
C:  9, 0: Exactly one space required around assignment
		if n[0]=='P' and n[1]=='R':
                       ^^ (bad-whitespace)
W: 10, 0: Found indentation with tabs instead of spaces (mixed-indentation)
W: 11, 0: Found indentation with tabs instead of spaces (mixed-indentation)
C: 11, 0: Exactly one space required around assignment
		elif n[0]=='S' and n[1]=='P':
           ^^ (bad-whitespace)
C: 11, 0: Exactly one space required around assignment
		elif n[0]=='S' and n[1]=='P':
                         ^^ (bad-whitespace)
W: 12, 0: Found indentation with tabs instead of spaces (mixed-indentation)
W: 13, 0: Found indentation with tabs instead of spaces (mixed-indentation)
C: 13, 0: Exactly one space required around assignment
		elif n[0]=='R' and n[1]=='S':
           ^^ (bad-whitespace)
C: 13, 0: Exactly one space required around assignment
		elif n[0]=='R' and n[1]=='S':
                         ^^ (bad-whitespace)
W: 14, 0: Found indentation with tabs instead of spaces (mixed-indentation)
C: 14, 0: Trailing whitespace (trailing-whitespace)
W: 15, 0: Found indentation with tabs instead of spaces (mixed-indentation)
C: 15, 0: Exactly one space required around assignment
		elif n[1]=='P' and n[0]=='R':
           ^^ (bad-whitespace)
C: 15, 0: Exactly one space required around assignment
		elif n[1]=='P' and n[0]=='R':
                         ^^ (bad-whitespace)
W: 16, 0: Found indentation with tabs instead of spaces (mixed-indentation)
W: 17, 0: Found indentation with tabs instead of spaces (mixed-indentation)
C: 17, 0: Exactly one space required around assignment
		elif n[1]=='S' and n[0]=='P':
           ^^ (bad-whitespace)
C: 17, 0: Exactly one space required around assignment
		elif n[1]=='S' and n[0]=='P':
                         ^^ (bad-whitespace)
W: 18, 0: Found indentation with tabs instead of spaces (mixed-indentation)
W: 19, 0: Found indentation with tabs instead of spaces (mixed-indentation)
C: 19, 0: Exactly one space required around assignment
		elif n[1]=='R' and n[0]=='S':
           ^^ (bad-whitespace)
C: 19, 0: Exactly one space required around assignment
		elif n[1]=='R' and n[0]=='S':
                         ^^ (bad-whitespace)
W: 20, 0: Found indentation with tabs instead of spaces (mixed-indentation)
W: 21, 0: Found indentation with tabs instead of spaces (mixed-indentation)
W: 22, 0: Found indentation with tabs instead of spaces (mixed-indentation)
W: 23, 0: Found indentation with tabs instead of spaces (mixed-indentation)
W: 24, 0: Found indentation with tabs instead of spaces (mixed-indentation)
C:  1, 0: Missing module docstring (missing-docstring)
C:  1, 0: Invalid constant name "nVal" (invalid-name)
C:  2, 0: Invalid constant name "response" (invalid-name)
C:  4, 0: Trailing whitespace (trailing-whitespace)
W:  5, 0: Found indentation with tabs instead of spaces (mixed-indentation)
W:  6, 0: Found indentation with tabs instead of spaces (mixed-indentation)
W:  7, 0: Found indentation with tabs instead of spaces (mixed-indentation)
W:  8, 0: Found indentation with tabs instead of spaces (mixed-indentation)
W:  9, 0: Found indentation with tabs instead of spaces (mixed-indentation)
C:  9, 0: Exactly one space required around assignment
		if n[0]=='P' and n[1]=='R':
         ^^ (bad-whitespace)
C:  9, 0: Exactly one space required around assignment
		if n[0]=='P' and n[1]=='R':
                       ^^ (bad-whitespace)
W: 10, 0: Found indentation with tabs instead of spaces (mixed-indentation)
W: 11, 0: Found indentation with tabs instead of spaces (mixed-indentation)
C: 11, 0: Exactly one space required around assignment
		elif n[0]=='S' and n[1]=='P':
           ^^ (bad-whitespace)
C: 11, 0: Exactly one space required around assignment
		elif n[0]=='S' and n[1]=='P':
                         ^^ (bad-whitespace)
W: 12, 0: Found indentation with tabs instead of spaces (mixed-indentation)
W: 13, 0: Found indentation with tabs instead of spaces (mixed-indentation)
C: 13, 0: Exactly one space required around assignment
		elif n[0]=='R' and n[1]=='S':
           ^^ (bad-whitespace)
C: 13, 0: Exactly one space required around assignment
		elif n[0]=='R' and n[1]=='S':
                         ^^ (bad-whitespace)
W: 14, 0: Found indentation with tabs instead of spaces (mixed-indentation)
C: 14, 0: Trailing whitespace (trailing-whitespace)
W: 15, 0: Found indentation with tabs instead of spaces (mixed-indentation)
C: 15, 0: Exactly one space required around assignment
		elif n[1]=='P' and n[0]=='R':
           ^^ (bad-whitespace)
C: 15, 0: Exactly one space required around assignment
		elif n[1]=='P' and n[0]=='R':
                         ^^ (bad-whitespace)
W: 16, 0: Found indentation with tabs instead of spaces (mixed-indentation)
W: 17, 0: Found indentation with tabs instead of spaces (mixed-indentation)
C: 17, 0: Exactly one space required around assignment
		elif n[1]=='S' and n[0]=='P':
           ^^ (bad-whitespace)
C: 17, 0: Exactly one space required around assignment
		elif n[1]=='S' and n[0]=='P':
                         ^^ (bad-whitespace)
W: 18, 0: Found indentation with tabs instead of spaces (mixed-indentation)
W: 19, 0: Found indentation with tabs instead of spaces (mixed-indentation)
C: 19, 0: Exactly one space required around assignment
		elif n[1]=='R' and n[0]=='S':
           ^^ (bad-whitespace)
C: 19, 0: Exactly one space required around assignment
		elif n[1]=='R' and n[0]=='S':
                         ^^ (bad-whitespace)
W: 20, 0: Found indentation with tabs instead of spaces (mixed-indentation)
W: 21, 0: Found indentation with tabs instead of spaces (mixed-indentation)
W: 22, 0: Found indentation with tabs instead of spaces (mixed-indentation)
W: 23, 0: Found indentation with tabs instead of spaces (mixed-indentation)
W: 24, 0: Found indentation with tabs instead of spaces (mixed-indentation)
C:  1, 0: Missing module docstring (missing-docstring)
C:  1, 0: Invalid constant name "nVal" (invalid-name)
C:  2, 0: Invalid constant name "response" (invalid-name)
C:  4, 0: Trailing whitespace (trailing-whitespace)
W:  5, 0: Found indentation with tabs instead of spaces (mixed-indentation)
W:  6, 0: Found indentation with tabs instead of spaces (mixed-indentation)
W:  7, 0: Found indentation with tabs instead of spaces (mixed-indentation)
W:  8, 0: Found indentation with tabs instead of spaces (mixed-indentation)
W:  9, 0: Found indentation with tabs instead of spaces (mixed-indentation)
C:  9, 0: Exactly one space required around assignment
		if n[0]=='P' and n[1]=='R':
         ^^ (bad-whitespace)
C:  9, 0: Exactly one space required around assignment
		if n[0]=='P' and n[1]=='R':
                       ^^ (bad-whitespace)
W: 10, 0: Found indentation with tabs instead of spaces (mixed-indentation)
W: 11, 0: Found indentation with tabs instead of spaces (mixed-indentation)
C: 11, 0: Exactly one space required around assignment
		elif n[0]=='S' and n[1]=='P':
           ^^ (bad-whitespace)
C: 11, 0: Exactly one space required around assignment
		elif n[0]=='S' and n[1]=='P':
                         ^^ (bad-whitespace)
W: 12, 0: Found indentation with tabs instead of spaces (mixed-indentation)
W: 13, 0: Found indentation with tabs instead of spaces (mixed-indentation)
C: 13, 0: Exactly one space required around assignment
		elif n[0]=='R' and n[1]=='S':
           ^^ (bad-whitespace)
C: 13, 0: Exactly one space required around assignment
		elif n[0]=='R' and n[1]=='S':
                         ^^ (bad-whitespace)
W: 14, 0: Found indentation with tabs instead of spaces (mixed-indentation)
C: 14, 0: Trailing whitespace (trailing-whitespace)
W: 15, 0: Found indentation with tabs instead of spaces (mixed-indentation)
C: 15, 0: Exactly one space required around assignment
		elif n[1]=='P' and n[0]=='R':
           ^^ (bad-whitespace)
C: 15, 0: Exactly one space required around assignment
		elif n[1]=='P' and n[0]=='R':
                         ^^ (bad-whitespace)
W: 16, 0: Found indentation with tabs instead of spaces (mixed-indentation)
W: 17, 0: Found indentation with tabs instead of spaces (mixed-indentation)
C: 17, 0: Exactly one space required around assignment
		elif n[1]=='S' and n[0]=='P':
           ^^ (bad-whitespace)
C: 17, 0: Exactly one space required around assignment
		elif n[1]=='S' and n[0]=='P':
                         ^^ (bad-whitespace)
W: 18, 0: Found indentation with tabs instead of spaces (mixed-indentation)
W: 19, 0: Found indentation with tabs instead of spaces (mixed-indentation)
C: 19, 0: Exactly one space required around assignment
		elif n[1]=='R' and n[0]=='S':
           ^^ (bad-whitespace)
C: 19, 0: Exactly one space required around assignment
		elif n[1]=='R' and n[0]=='S':
                         ^^ (bad-whitespace)
W: 20, 0: Found indentation with tabs instead of spaces (mixed-indentation)
W: 21, 0: Found indentation with tabs instead of spaces (mixed-indentation)
W: 22, 0: Found indentation with tabs instead of spaces (mixed-indentation)
W: 23, 0: Found indentation with tabs instead of spaces (mixed-indentation)
W: 24, 0: Found indentation with tabs instead of spaces (mixed-indentation)
C:  1, 0: Missing module docstring (missing-docstring)
C:  1, 0: Invalid constant name "nVal" (invalid-name)
C:  2, 0: Invalid constant name "response" (invalid-name)
C:  4, 0: Trailing whitespace (trailing-whitespace)
W:  5, 0: Found indentation with tabs instead of spaces (mixed-indentation)
W:  6, 0: Found indentation with tabs instead of spaces (mixed-indentation)
W:  7, 0: Found indentation with tabs instead of spaces (mixed-indentation)
W:  8, 0: Found indentation with tabs instead of spaces (mixed-indentation)
W:  9, 0: Found indentation with tabs instead of spaces (mixed-indentation)
C:  9, 0: Exactly one space required around assignment
		if n[0]=='P' and n[1]=='R':
         ^^ (bad-whitespace)
C:  9, 0: Exactly one space required around assignment
		if n[0]=='P' and n[1]=='R':
                       ^^ (bad-whitespace)
W: 10, 0: Found indentation with tabs instead of spaces (mixed-indentation)
W: 11, 0: Found indentation with tabs instead of spaces (mixed-indentation)
C: 11, 0: Exactly one space required around assignment
		elif n[0]=='S' and n[1]=='P':
           ^^ (bad-whitespace)
C: 11, 0: Exactly one space required around assignment
		elif n[0]=='S' and n[1]=='P':
                         ^^ (bad-whitespace)
W: 12, 0: Found indentation with tabs instead of spaces (mixed-indentation)
W: 13, 0: Found indentation with tabs instead of spaces (mixed-indentation)
C: 13, 0: Exactly one space required around assignment
		elif n[0]=='R' and n[1]=='S':
           ^^ (bad-whitespace)
C: 13, 0: Exactly one space required around assignment
		elif n[0]=='R' and n[1]=='S':
                         ^^ (bad-whitespace)
W: 14, 0: Found indentation with tabs instead of spaces (mixed-indentation)
C: 14, 0: Trailing whitespace (trailing-whitespace)
W: 15, 0: Found indentation with tabs instead of spaces (mixed-indentation)
C: 15, 0: Exactly one space required around assignment
		elif n[1]=='P' and n[0]=='R':
           ^^ (bad-whitespace)
C: 15, 0: Exactly one space required around assignment
		elif n[1]=='P' and n[0]=='R':
                         ^^ (bad-whitespace)
W: 16, 0: Found indentation with tabs instead of spaces (mixed-indentation)
W: 17, 0: Found indentation with tabs instead of spaces (mixed-indentation)
C: 17, 0: Exactly one space required around assignment
		elif n[1]=='S' and n[0]=='P':
           ^^ (bad-whitespace)
C: 17, 0: Exactly one space required around assignment
		elif n[1]=='S' and n[0]=='P':
                         ^^ (bad-whitespace)
W: 18, 0: Found indentation with tabs instead of spaces (mixed-indentation)
W: 19, 0: Found indentation with tabs instead of spaces (mixed-indentation)
C: 19, 0: Exactly one space required around assignment
		elif n[1]=='R' and n[0]=='S':
           ^^ (bad-whitespace)
C: 19, 0: Exactly one space required around assignment
		elif n[1]=='R' and n[0]=='S':
                         ^^ (bad-whitespace)
W: 20, 0: Found indentation with tabs instead of spaces (mixed-indentation)
W: 21, 0: Found indentation with tabs instead of spaces (mixed-indentation)
W: 22, 0: Found indentation with tabs instead of spaces (mixed-indentation)
W: 23, 0: Found indentation with tabs instead of spaces (mixed-indentation)
W: 24, 0: Found indentation with tabs instead of spaces (mixed-indentation)
C:  1, 0: Missing module docstring (missing-docstring)
C:  1, 0: Invalid constant name "nVal" (invalid-name)
C:  2, 0: Invalid constant name "response" (invalid-name)
C:  4, 0: Trailing whitespace (trailing-whitespace)
W:  5, 0: Found indentation with tabs instead of spaces (mixed-indentation)
W:  6, 0: Found indentation with tabs instead of spaces (mixed-indentation)
W:  7, 0: Found indentation with tabs instead of spaces (mixed-indentation)
W:  8, 0: Found indentation with tabs instead of spaces (mixed-indentation)
W:  9, 0: Found indentation with tabs instead of spaces (mixed-indentation)
C:  9, 0: Exactly one space required around assignment
		if n[0]=='P' and n[1]=='R':
         ^^ (bad-whitespace)
C:  9, 0: Exactly one space required around assignment
		if n[0]=='P' and n[1]=='R':
                       ^^ (bad-whitespace)
W: 10, 0: Found indentation with tabs instead of spaces (mixed-indentation)
W: 11, 0: Found indentation with tabs instead of spaces (mixed-indentation)
C: 11, 0: Exactly one space required around assignment
		elif n[0]=='S' and n[1]=='P':
           ^^ (bad-whitespace)
C: 11, 0: Exactly one space required around assignment
		elif n[0]=='S' and n[1]=='P':
                         ^^ (bad-whitespace)
W: 12, 0: Found indentation with tabs instead of spaces (mixed-indentation)
W: 13, 0: Found indentation with tabs instead of spaces (mixed-indentation)
C: 13, 0: Exactly one space required around assignment
		elif n[0]=='R' and n[1]=='S':
           ^^ (bad-whitespace)
C: 13, 0: Exactly one space required around assignment
		elif n[0]=='R' and n[1]=='S':
                         ^^ (bad-whitespace)
W: 14, 0: Found indentation with tabs instead of spaces (mixed-indentation)
C: 14, 0: Trailing whitespace (trailing-whitespace)
W: 15, 0: Found indentation with tabs instead of spaces (mixed-indentation)
C: 15, 0: Exactly one space required around assignment
		elif n[1]=='P' and n[0]=='R':
           ^^ (bad-whitespace)
C: 15, 0: Exactly one space required around assignment
		elif n[1]=='P' and n[0]=='R':
                         ^^ (bad-whitespace)
W: 16, 0: Found indentation with tabs instead of spaces (mixed-indentation)
W: 17, 0: Found indentation with tabs instead of spaces (mixed-indentation)
C: 17, 0: Exactly one space required around assignment
		elif n[1]=='S' and n[0]=='P':
           ^^ (bad-whitespace)
C: 17, 0: Exactly one space required around assignment
		elif n[1]=='S' and n[0]=='P':
                         ^^ (bad-whitespace)
W: 18, 0: Found indentation with tabs instead of spaces (mixed-indentation)
W: 19, 0: Found indentation with tabs instead of spaces (mixed-indentation)
C: 19, 0: Exactly one space required around assignment
		elif n[1]=='R' and n[0]=='S':
           ^^ (bad-whitespace)
C: 19, 0: Exactly one space required around assignment
		elif n[1]=='R' and n[0]=='S':
                         ^^ (bad-whitespace)
W: 20, 0: Found indentation with tabs instead of spaces (mixed-indentation)
W: 21, 0: Found indentation with tabs instead of spaces (mixed-indentation)
W: 22, 0: Found indentation with tabs instead of spaces (mixed-indentation)
W: 23, 0: Found indentation with tabs instead of spaces (mixed-indentation)
W: 24, 0: Found indentation with tabs instead of spaces (mixed-indentation)
C:  1, 0: Missing module docstring (missing-docstring)
C:  1, 0: Invalid constant name "nVal" (invalid-name)
C:  2, 0: Invalid constant name "response" (invalid-name)
C:  4, 0: Trailing whitespace (trailing-whitespace)
W:  5, 0: Found indentation with tabs instead of spaces (mixed-indentation)
W:  6, 0: Found indentation with tabs instead of spaces (mixed-indentation)
W:  7, 0: Found indentation with tabs instead of spaces (mixed-indentation)
W:  8, 0: Found indentation with tabs instead of spaces (mixed-indentation)
W:  9, 0: Found indentation with tabs instead of spaces (mixed-indentation)
C:  9, 0: Exactly one space required around assignment
		if n[0]=='P' and n[1]=='R':
         ^^ (bad-whitespace)
C:  9, 0: Exactly one space required around assignment
		if n[0]=='P' and n[1]=='R':
                       ^^ (bad-whitespace)
W: 10, 0: Found indentation with tabs instead of spaces (mixed-indentation)
W: 11, 0: Found indentation with tabs instead of spaces (mixed-indentation)
C: 11, 0: Exactly one space required around assignment
		elif n[0]=='S' and n[1]=='P':
           ^^ (bad-whitespace)
C: 11, 0: Exactly one space required around assignment
		elif n[0]=='S' and n[1]=='P':
                         ^^ (bad-whitespace)
W: 12, 0: Found indentation with tabs instead of spaces (mixed-indentation)
W: 13, 0: Found indentation with tabs instead of spaces (mixed-indentation)
C: 13, 0: Exactly one space required around assignment
		elif n[0]=='R' and n[1]=='S':
           ^^ (bad-whitespace)
C: 13, 0: Exactly one space required around assignment
		elif n[0]=='R' and n[1]=='S':
                         ^^ (bad-whitespace)
W: 14, 0: Found indentation with tabs instead of spaces (mixed-indentation)
C: 14, 0: Trailing whitespace (trailing-whitespace)
W: 15, 0: Found indentation with tabs instead of spaces (mixed-indentation)
C: 15, 0: Exactly one space required around assignment
		elif n[1]=='P' and n[0]=='R':
           ^^ (bad-whitespace)
C: 15, 0: Exactly one space required around assignment
		elif n[1]=='P' and n[0]=='R':
                         ^^ (bad-whitespace)
W: 16, 0: Found indentation with tabs instead of spaces (mixed-indentation)
W: 17, 0: Found indentation with tabs instead of spaces (mixed-indentation)
C: 17, 0: Exactly one space required around assignment
		elif n[1]=='S' and n[0]=='P':
           ^^ (bad-whitespace)
C: 17, 0: Exactly one space required around assignment
		elif n[1]=='S' and n[0]=='P':
                         ^^ (bad-whitespace)
W: 18, 0: Found indentation with tabs instead of spaces (mixed-indentation)
W: 19, 0: Found indentation with tabs instead of spaces (mixed-indentation)
C: 19, 0: Exactly one space required around assignment
		elif n[1]=='R' and n[0]=='S':
           ^^ (bad-whitespace)
C: 19, 0: Exactly one space required around assignment
		elif n[1]=='R' and n[0]=='S':
                         ^^ (bad-whitespace)
W: 20, 0: Found indentation with tabs instead of spaces (mixed-indentation)
W: 21, 0: Found indentation with tabs instead of spaces (mixed-indentation)
W: 22, 0: Found indentation with tabs instead of spaces (mixed-indentation)
W: 23, 0: Found indentation with tabs instead of spaces (mixed-indentation)
W: 24, 0: Found indentation with tabs instead of spaces (mixed-indentation)
C:  1, 0: Missing module docstring (missing-docstring)
C:  1, 0: Invalid constant name "nVal" (invalid-name)
C:  2, 0: Invalid constant name "response" (invalid-name)
C:  4, 0: Trailing whitespace (trailing-whitespace)
W:  5, 0: Found indentation with tabs instead of spaces (mixed-indentation)
W:  6, 0: Found indentation with tabs instead of spaces (mixed-indentation)
W:  7, 0: Found indentation with tabs instead of spaces (mixed-indentation)
W:  8, 0: Found indentation with tabs instead of spaces (mixed-indentation)
W:  9, 0: Found indentation with tabs instead of spaces (mixed-indentation)
C:  9, 0: Exactly one space required around assignment
		if n[0]=='P' and n[1]=='R':
         ^^ (bad-whitespace)
C:  9, 0: Exactly one space required around assignment
		if n[0]=='P' and n[1]=='R':
                       ^^ (bad-whitespace)
W: 10, 0: Found indentation with tabs instead of spaces (mixed-indentation)
W: 11, 0: Found indentation with tabs instead of spaces (mixed-indentation)
C: 11, 0: Exactly one space required around assignment
		elif n[0]=='S' and n[1]=='P':
           ^^ (bad-whitespace)
C: 11, 0: Exactly one space required around assignment
		elif n[0]=='S' and n[1]=='P':
                         ^^ (bad-whitespace)
W: 12, 0: Found indentation with tabs instead of spaces (mixed-indentation)
W: 13, 0: Found indentation with tabs instead of spaces (mixed-indentation)
C: 13, 0: Exactly one space required around assignment
		elif n[0]=='R' and n[1]=='S':
           ^^ (bad-whitespace)
C: 13, 0: Exactly one space required around assignment
		elif n[0]=='R' and n[1]=='S':
                         ^^ (bad-whitespace)
W: 14, 0: Found indentation with tabs instead of spaces (mixed-indentation)
C: 14, 0: Trailing whitespace (trailing-whitespace)
W: 15, 0: Found indentation with tabs instead of spaces (mixed-indentation)
C: 15, 0: Exactly one space required around assignment
		elif n[1]=='P' and n[0]=='R':
           ^^ (bad-whitespace)
C: 15, 0: Exactly one space required around assignment
		elif n[1]=='P' and n[0]=='R':
                         ^^ (bad-whitespace)
W: 16, 0: Found indentation with tabs instead of spaces (mixed-indentation)
W: 17, 0: Found indentation with tabs instead of spaces (mixed-indentation)
C: 17, 0: Exactly one space required around assignment
		elif n[1]=='S' and n[0]=='P':
           ^^ (bad-whitespace)
C: 17, 0: Exactly one space required around assignment
		elif n[1]=='S' and n[0]=='P':
                         ^^ (bad-whitespace)
W: 18, 0: Found indentation with tabs instead of spaces (mixed-indentation)
W: 19, 0: Found indentation with tabs instead of spaces (mixed-indentation)
C: 19, 0: Exactly one space required around assignment
		elif n[1]=='R' and n[0]=='S':
           ^^ (bad-whitespace)
C: 19, 0: Exactly one space required around assignment
		elif n[1]=='R' and n[0]=='S':
                         ^^ (bad-whitespace)
W: 20, 0: Found indentation with tabs instead of spaces (mixed-indentation)
W: 21, 0: Found indentation with tabs instead of spaces (mixed-indentation)
W: 22, 0: Found indentation with tabs instead of spaces (mixed-indentation)
W: 23, 0: Found indentation with tabs instead of spaces (mixed-indentation)
W: 24, 0: Found indentation with tabs instead of spaces (mixed-indentation)
C:  1, 0: Missing module docstring (missing-docstring)
C:  1, 0: Invalid constant name "nVal" (invalid-name)
C:  2, 0: Invalid constant name "response" (invalid-name)
C:  4, 0: Trailing whitespace (trailing-whitespace)
W:  5, 0: Found indentation with tabs instead of spaces (mixed-indentation)
W:  6, 0: Found indentation with tabs instead of spaces (mixed-indentation)
W:  7, 0: Found indentation with tabs instead of spaces (mixed-indentation)
W:  8, 0: Found indentation with tabs instead of spaces (mixed-indentation)
W:  9, 0: Found indentation with tabs instead of spaces (mixed-indentation)
C:  9, 0: Exactly one space required around assignment
		if n[0]=='P' and n[1]=='R':
         ^^ (bad-whitespace)
C:  9, 0: Exactly one space required around assignment
		if n[0]=='P' and n[1]=='R':
                       ^^ (bad-whitespace)
W: 10, 0: Found indentation with tabs instead of spaces (mixed-indentation)
W: 11, 0: Found indentation with tabs instead of spaces (mixed-indentation)
C: 11, 0: Exactly one space required around assignment
		elif n[0]=='S' and n[1]=='P':
           ^^ (bad-whitespace)
C: 11, 0: Exactly one space required around assignment
		elif n[0]=='S' and n[1]=='P':
                         ^^ (bad-whitespace)
W: 12, 0: Found indentation with tabs instead of spaces (mixed-indentation)
W: 13, 0: Found indentation with tabs instead of spaces (mixed-indentation)
C: 13, 0: Exactly one space required around assignment
		elif n[0]=='R' and n[1]=='S':
           ^^ (bad-whitespace)
C: 13, 0: Exactly one space required around assignment
		elif n[0]=='R' and n[1]=='S':
                         ^^ (bad-whitespace)
W: 14, 0: Found indentation with tabs instead of spaces (mixed-indentation)
C: 14, 0: Trailing whitespace (trailing-whitespace)
W: 15, 0: Found indentation with tabs instead of spaces (mixed-indentation)
C: 15, 0: Exactly one space required around assignment
		elif n[1]=='P' and n[0]=='R':
           ^^ (bad-whitespace)
C: 15, 0: Exactly one space required around assignment
		elif n[1]=='P' and n[0]=='R':
                         ^^ (bad-whitespace)
W: 16, 0: Found indentation with tabs instead of spaces (mixed-indentation)
W: 17, 0: Found indentation with tabs instead of spaces (mixed-indentation)
C: 17, 0: Exactly one space required around assignment
		elif n[1]=='S' and n[0]=='P':
           ^^ (bad-whitespace)
C: 17, 0: Exactly one space required around assignment
		elif n[1]=='S' and n[0]=='P':
                         ^^ (bad-whitespace)
W: 18, 0: Found indentation with tabs instead of spaces (mixed-indentation)
W: 19, 0: Found indentation with tabs instead of spaces (mixed-indentation)
C: 19, 0: Exactly one space required around assignment
		elif n[1]=='R' and n[0]=='S':
           ^^ (bad-whitespace)
C: 19, 0: Exactly one space required around assignment
		elif n[1]=='R' and n[0]=='S':
                         ^^ (bad-whitespace)
W: 20, 0: Found indentation with tabs instead of spaces (mixed-indentation)
W: 21, 0: Found indentation with tabs instead of spaces (mixed-indentation)
W: 22, 0: Found indentation with tabs instead of spaces (mixed-indentation)
W: 23, 0: Found indentation with tabs instead of spaces (mixed-indentation)
W: 24, 0: Found indentation with tabs instead of spaces (mixed-indentation)
C:  1, 0: Missing module docstring (missing-docstring)
C:  1, 0: Invalid constant name "nVal" (invalid-name)
C:  2, 0: Invalid constant name "response" (invalid-name)
C:  4, 0: Trailing whitespace (trailing-whitespace)
W:  5, 0: Found indentation with tabs instead of spaces (mixed-indentation)
W:  6, 0: Found indentation with tabs instead of spaces (mixed-indentation)
W:  7, 0: Found indentation with tabs instead of spaces (mixed-indentation)
W:  8, 0: Found indentation with tabs instead of spaces (mixed-indentation)
W:  9, 0: Found indentation with tabs instead of spaces (mixed-indentation)
C:  9, 0: Exactly one space required around assignment
		if n[0]=='P' and n[1]=='R':
         ^^ (bad-whitespace)
C:  9, 0: Exactly one space required around assignment
		if n[0]=='P' and n[1]=='R':
                       ^^ (bad-whitespace)
W: 10, 0: Found indentation with tabs instead of spaces (mixed-indentation)
W: 11, 0: Found indentation with tabs instead of spaces (mixed-indentation)
C: 11, 0: Exactly one space required around assignment
		elif n[0]=='S' and n[1]=='P':
           ^^ (bad-whitespace)
C: 11, 0: Exactly one space required around assignment
		elif n[0]=='S' and n[1]=='P':
                         ^^ (bad-whitespace)
W: 12, 0: Found indentation with tabs instead of spaces (mixed-indentation)
W: 13, 0: Found indentation with tabs instead of spaces (mixed-indentation)
C: 13, 0: Exactly one space required around assignment
		elif n[0]=='R' and n[1]=='S':
           ^^ (bad-whitespace)
C: 13, 0: Exactly one space required around assignment
		elif n[0]=='R' and n[1]=='S':
                         ^^ (bad-whitespace)
W: 14, 0: Found indentation with tabs instead of spaces (mixed-indentation)
C: 14, 0: Trailing whitespace (trailing-whitespace)
W: 15, 0: Found indentation with tabs instead of spaces (mixed-indentation)
C: 15, 0: Exactly one space required around assignment
		elif n[1]=='P' and n[0]=='R':
           ^^ (bad-whitespace)
C: 15, 0: Exactly one space required around assignment
		elif n[1]=='P' and n[0]=='R':
                         ^^ (bad-whitespace)
W: 16, 0: Found indentation with tabs instead of spaces (mixed-indentation)
W: 17, 0: Found indentation with tabs instead of spaces (mixed-indentation)
C: 17, 0: Exactly one space required around assignment
		elif n[1]=='S' and n[0]=='P':
           ^^ (bad-whitespace)
C: 17, 0: Exactly one space required around assignment
		elif n[1]=='S' and n[0]=='P':
                         ^^ (bad-whitespace)
W: 18, 0: Found indentation with tabs instead of spaces (mixed-indentation)
W: 19, 0: Found indentation with tabs instead of spaces (mixed-indentation)
C: 19, 0: Exactly one space required around assignment
		elif n[1]=='R' and n[0]=='S':
           ^^ (bad-whitespace)
C: 19, 0: Exactly one space required around assignment
		elif n[1]=='R' and n[0]=='S':
                         ^^ (bad-whitespace)
W: 20, 0: Found indentation with tabs instead of spaces (mixed-indentation)
W: 21, 0: Found indentation with tabs instead of spaces (mixed-indentation)
W: 22, 0: Found indentation with tabs instead of spaces (mixed-indentation)
W: 23, 0: Found indentation with tabs instead of spaces (mixed-indentation)
W: 24, 0: Found indentation with tabs instead of spaces (mixed-indentation)
C:  1, 0: Missing module docstring (missing-docstring)
C:  1, 0: Invalid constant name "nVal" (invalid-name)
C:  2, 0: Invalid constant name "response" (invalid-name)
C:  4, 0: Trailing whitespace (trailing-whitespace)
W:  5, 0: Found indentation with tabs instead of spaces (mixed-indentation)
W:  6, 0: Found indentation with tabs instead of spaces (mixed-indentation)
W:  7, 0: Found indentation with tabs instead of spaces (mixed-indentation)
W:  8, 0: Found indentation with tabs instead of spaces (mixed-indentation)
W:  9, 0: Found indentation with tabs instead of spaces (mixed-indentation)
C:  9, 0: Exactly one space required around assignment
		if n[0]=='P' and n[1]=='R':
         ^^ (bad-whitespace)
C:  9, 0: Exactly one space required around assignment
		if n[0]=='P' and n[1]=='R':
                       ^^ (bad-whitespace)
W: 10, 0: Found indentation with tabs instead of spaces (mixed-indentation)
W: 11, 0: Found indentation with tabs instead of spaces (mixed-indentation)
C: 11, 0: Exactly one space required around assignment
		elif n[0]=='S' and n[1]=='P':
           ^^ (bad-whitespace)
C: 11, 0: Exactly one space required around assignment
		elif n[0]=='S' and n[1]=='P':
                         ^^ (bad-whitespace)
W: 12, 0: Found indentation with tabs instead of spaces (mixed-indentation)
W: 13, 0: Found indentation with tabs instead of spaces (mixed-indentation)
C: 13, 0: Exactly one space required around assignment
		elif n[0]=='R' and n[1]=='S':
           ^^ (bad-whitespace)
C: 13, 0: Exactly one space required around assignment
		elif n[0]=='R' and n[1]=='S':
                         ^^ (bad-whitespace)
W: 14, 0: Found indentation with tabs instead of spaces (mixed-indentation)
C: 14, 0: Trailing whitespace (trailing-whitespace)
W: 15, 0: Found indentation with tabs instead of spaces (mixed-indentation)
C: 15, 0: Exactly one space required around assignment
		elif n[1]=='P' and n[0]=='R':
           ^^ (bad-whitespace)
C: 15, 0: Exactly one space required around assignment
		elif n[1]=='P' and n[0]=='R':
                         ^^ (bad-whitespace)
W: 16, 0: Found indentation with tabs instead of spaces (mixed-indentation)
W: 17, 0: Found indentation with tabs instead of spaces (mixed-indentation)
C: 17, 0: Exactly one space required around assignment
		elif n[1]=='S' and n[0]=='P':
           ^^ (bad-whitespace)
C: 17, 0: Exactly one space required around assignment
		elif n[1]=='S' and n[0]=='P':
                         ^^ (bad-whitespace)
W: 18, 0: Found indentation with tabs instead of spaces (mixed-indentation)
W: 19, 0: Found indentation with tabs instead of spaces (mixed-indentation)
C: 19, 0: Exactly one space required around assignment
		elif n[1]=='R' and n[0]=='S':
           ^^ (bad-whitespace)
C: 19, 0: Exactly one space required around assignment
		elif n[1]=='R' and n[0]=='S':
                         ^^ (bad-whitespace)
W: 20, 0: Found indentation with tabs instead of spaces (mixed-indentation)
W: 21, 0: Found indentation with tabs instead of spaces (mixed-indentation)
W: 22, 0: Found indentation with tabs instead of spaces (mixed-indentation)
W: 23, 0: Found indentation with tabs instead of spaces (mixed-indentation)
W: 24, 0: Found indentation with tabs instead of spaces (mixed-indentation)
C:  1, 0: Missing module docstring (missing-docstring)
C:  1, 0: Invalid constant name "nVal" (invalid-name)
C:  2, 0: Invalid constant name "response" (invalid-name)
C:  4, 0: Trailing whitespace (trailing-whitespace)
W:  5, 0: Found indentation with tabs instead of spaces (mixed-indentation)
W:  6, 0: Found indentation with tabs instead of spaces (mixed-indentation)
W:  7, 0: Found indentation with tabs instead of spaces (mixed-indentation)
W:  8, 0: Found indentation with tabs instead of spaces (mixed-indentation)
W:  9, 0: Found indentation with tabs instead of spaces (mixed-indentation)
C:  9, 0: Exactly one space required around assignment
		if n[0]=='P' and n[1]=='R':
         ^^ (bad-whitespace)
C:  9, 0: Exactly one space required around assignment
		if n[0]=='P' and n[1]=='R':
                       ^^ (bad-whitespace)
W: 10, 0: Found indentation with tabs instead of spaces (mixed-indentation)
W: 11, 0: Found indentation with tabs instead of spaces (mixed-indentation)
C: 11, 0: Exactly one space required around assignment
		elif n[0]=='S' and n[1]=='P':
           ^^ (bad-whitespace)
C: 11, 0: Exactly one space required around assignment
		elif n[0]=='S' and n[1]=='P':
                         ^^ (bad-whitespace)
W: 12, 0: Found indentation with tabs instead of spaces (mixed-indentation)
W: 13, 0: Found indentation with tabs instead of spaces (mixed-indentation)
C: 13, 0: Exactly one space required around assignment
		elif n[0]=='R' and n[1]=='S':
           ^^ (bad-whitespace)
C: 13, 0: Exactly one space required around assignment
		elif n[0]=='R' and n[1]=='S':
                         ^^ (bad-whitespace)
W: 14, 0: Found indentation with tabs instead of spaces (mixed-indentation)
C: 14, 0: Trailing whitespace (trailing-whitespace)
W: 15, 0: Found indentation with tabs instead of spaces (mixed-indentation)
C: 15, 0: Exactly one space required around assignment
		elif n[1]=='P' and n[0]=='R':
           ^^ (bad-whitespace)
C: 15, 0: Exactly one space required around assignment
		elif n[1]=='P' and n[0]=='R':
                         ^^ (bad-whitespace)
W: 16, 0: Found indentation with tabs instead of spaces (mixed-indentation)
W: 17, 0: Found indentation with tabs instead of spaces (mixed-indentation)
C: 17, 0: Exactly one space required around assignment
		elif n[1]=='S' and n[0]=='P':
           ^^ (bad-whitespace)
C: 17, 0: Exactly one space required around assignment
		elif n[1]=='S' and n[0]=='P':
                         ^^ (bad-whitespace)
W: 18, 0: Found indentation with tabs instead of spaces (mixed-indentation)
W: 19, 0: Found indentation with tabs instead of spaces (mixed-indentation)
C: 19, 0: Exactly one space required around assignment
		elif n[1]=='R' and n[0]=='S':
           ^^ (bad-whitespace)
C: 19, 0: Exactly one space required around assignment
		elif n[1]=='R' and n[0]=='S':
                         ^^ (bad-whitespace)
W: 20, 0: Found indentation with tabs instead of spaces (mixed-indentation)
W: 21, 0: Found indentation with tabs instead of spaces (mixed-indentation)
W: 22, 0: Found indentation with tabs instead of spaces (mixed-indentation)
W: 23, 0: Found indentation with tabs instead of spaces (mixed-indentation)
W: 24, 0: Found indentation with tabs instead of spaces (mixed-indentation)
C:  1, 0: Missing module docstring (missing-docstring)
C:  1, 0: Invalid constant name "nVal" (invalid-name)
C:  2, 0: Invalid constant name "response" (invalid-name)
C:  4, 0: Trailing whitespace (trailing-whitespace)
W:  5, 0: Found indentation with tabs instead of spaces (mixed-indentation)
W:  6, 0: Found indentation with tabs instead of spaces (mixed-indentation)
W:  7, 0: Found indentation with tabs instead of spaces (mixed-indentation)
W:  8, 0: Found indentation with tabs instead of spaces (mixed-indentation)
W:  9, 0: Found indentation with tabs instead of spaces (mixed-indentation)
C:  9, 0: Exactly one space required around assignment
		if n[0]=='P' and n[1]=='R':
         ^^ (bad-whitespace)
C:  9, 0: Exactly one space required around assignment
		if n[0]=='P' and n[1]=='R':
                       ^^ (bad-whitespace)
W: 10, 0: Found indentation with tabs instead of spaces (mixed-indentation)
W: 11, 0: Found indentation with tabs instead of spaces (mixed-indentation)
C: 11, 0: Exactly one space required around assignment
		elif n[0]=='S' and n[1]=='P':
           ^^ (bad-whitespace)
C: 11, 0: Exactly one space required around assignment
		elif n[0]=='S' and n[1]=='P':
                         ^^ (bad-whitespace)
W: 12, 0: Found indentation with tabs instead of spaces (mixed-indentation)
W: 13, 0: Found indentation with tabs instead of spaces (mixed-indentation)
C: 13, 0: Exactly one space required around assignment
		elif n[0]=='R' and n[1]=='S':
           ^^ (bad-whitespace)
C: 13, 0: Exactly one space required around assignment
		elif n[0]=='R' and n[1]=='S':
                         ^^ (bad-whitespace)
W: 14, 0: Found indentation with tabs instead of spaces (mixed-indentation)
C: 14, 0: Trailing whitespace (trailing-whitespace)
W: 15, 0: Found indentation with tabs instead of spaces (mixed-indentation)
C: 15, 0: Exactly one space required around assignment
		elif n[1]=='P' and n[0]=='R':
           ^^ (bad-whitespace)
C: 15, 0: Exactly one space required around assignment
		elif n[1]=='P' and n[0]=='R':
                         ^^ (bad-whitespace)
W: 16, 0: Found indentation with tabs instead of spaces (mixed-indentation)
W: 17, 0: Found indentation with tabs instead of spaces (mixed-indentation)
C: 17, 0: Exactly one space required around assignment
		elif n[1]=='S' and n[0]=='P':
           ^^ (bad-whitespace)
C: 17, 0: Exactly one space required around assignment
		elif n[1]=='S' and n[0]=='P':
                         ^^ (bad-whitespace)
W: 18, 0: Found indentation with tabs instead of spaces (mixed-indentation)
W: 19, 0: Found indentation with tabs instead of spaces (mixed-indentation)
C: 19, 0: Exactly one space required around assignment
		elif n[1]=='R' and n[0]=='S':
           ^^ (bad-whitespace)
C: 19, 0: Exactly one space required around assignment
		elif n[1]=='R' and n[0]=='S':
                         ^^ (bad-whitespace)
W: 20, 0: Found indentation with tabs instead of spaces (mixed-indentation)
W: 21, 0: Found indentation with tabs instead of spaces (mixed-indentation)
W: 22, 0: Found indentation with tabs instead of spaces (mixed-indentation)
W: 23, 0: Found indentation with tabs instead of spaces (mixed-indentation)
W: 24, 0: Found indentation with tabs instead of spaces (mixed-indentation)
C:  1, 0: Missing module docstring (missing-docstring)
C:  1, 0: Invalid constant name "nVal" (invalid-name)
C:  2, 0: Invalid constant name "response" (invalid-name)
C:  4, 0: Trailing whitespace (trailing-whitespace)
W:  5, 0: Found indentation with tabs instead of spaces (mixed-indentation)
W:  6, 0: Found indentation with tabs instead of spaces (mixed-indentation)
W:  7, 0: Found indentation with tabs instead of spaces (mixed-indentation)
W:  8, 0: Found indentation with tabs instead of spaces (mixed-indentation)
W:  9, 0: Found indentation with tabs instead of spaces (mixed-indentation)
C:  9, 0: Exactly one space required around assignment
		if n[0]=='P' and n[1]=='R':
         ^^ (bad-whitespace)
C:  9, 0: Exactly one space required around assignment
		if n[0]=='P' and n[1]=='R':
                       ^^ (bad-whitespace)
W: 10, 0: Found indentation with tabs instead of spaces (mixed-indentation)
W: 11, 0: Found indentation with tabs instead of spaces (mixed-indentation)
C: 11, 0: Exactly one space required around assignment
		elif n[0]=='S' and n[1]=='P':
           ^^ (bad-whitespace)
C: 11, 0: Exactly one space required around assignment
		elif n[0]=='S' and n[1]=='P':
                         ^^ (bad-whitespace)
W: 12, 0: Found indentation with tabs instead of spaces (mixed-indentation)
W: 13, 0: Found indentation with tabs instead of spaces (mixed-indentation)
C: 13, 0: Exactly one space required around assignment
		elif n[0]=='R' and n[1]=='S':
           ^^ (bad-whitespace)
C: 13, 0: Exactly one space required around assignment
		elif n[0]=='R' and n[1]=='S':
                         ^^ (bad-whitespace)
W: 14, 0: Found indentation with tabs instead of spaces (mixed-indentation)
C: 14, 0: Trailing whitespace (trailing-whitespace)
W: 15, 0: Found indentation with tabs instead of spaces (mixed-indentation)
C: 15, 0: Exactly one space required around assignment
		elif n[1]=='P' and n[0]=='R':
           ^^ (bad-whitespace)
C: 15, 0: Exactly one space required around assignment
		elif n[1]=='P' and n[0]=='R':
                         ^^ (bad-whitespace)
W: 16, 0: Found indentation with tabs instead of spaces (mixed-indentation)
W: 17, 0: Found indentation with tabs instead of spaces (mixed-indentation)
C: 17, 0: Exactly one space required around assignment
		elif n[1]=='S' and n[0]=='P':
           ^^ (bad-whitespace)
C: 17, 0: Exactly one space required around assignment
		elif n[1]=='S' and n[0]=='P':
                         ^^ (bad-whitespace)
W: 18, 0: Found indentation with tabs instead of spaces (mixed-indentation)
W: 19, 0: Found indentation with tabs instead of spaces (mixed-indentation)
C: 19, 0: Exactly one space required around assignment
		elif n[1]=='R' and n[0]=='S':
           ^^ (bad-whitespace)
C: 19, 0: Exactly one space required around assignment
		elif n[1]=='R' and n[0]=='S':
                         ^^ (bad-whitespace)
W: 20, 0: Found indentation with tabs instead of spaces (mixed-indentation)
W: 21, 0: Found indentation with tabs instead of spaces (mixed-indentation)
W: 22, 0: Found indentation with tabs instead of spaces (mixed-indentation)
W: 23, 0: Found indentation with tabs instead of spaces (mixed-indentation)
W: 24, 0: Found indentation with tabs instead of spaces (mixed-indentation)
C:  1, 0: Missing module docstring (missing-docstring)
C:  1, 0: Invalid constant name "nVal" (invalid-name)
C:  2, 0: Invalid constant name "response" (invalid-name)
C:  4, 0: Trailing whitespace (trailing-whitespace)
W:  5, 0: Found indentation with tabs instead of spaces (mixed-indentation)
W:  6, 0: Found indentation with tabs instead of spaces (mixed-indentation)
W:  7, 0: Found indentation with tabs instead of spaces (mixed-indentation)
W:  8, 0: Found indentation with tabs instead of spaces (mixed-indentation)
W:  9, 0: Found indentation with tabs instead of spaces (mixed-indentation)
C:  9, 0: Exactly one space required around assignment
		if n[0]=='P' and n[1]=='R':
         ^^ (bad-whitespace)
C:  9, 0: Exactly one space required around assignment
		if n[0]=='P' and n[1]=='R':
                       ^^ (bad-whitespace)
W: 10, 0: Found indentation with tabs instead of spaces (mixed-indentation)
W: 11, 0: Found indentation with tabs instead of spaces (mixed-indentation)
C: 11, 0: Exactly one space required around assignment
		elif n[0]=='S' and n[1]=='P':
           ^^ (bad-whitespace)
C: 11, 0: Exactly one space required around assignment
		elif n[0]=='S' and n[1]=='P':
                         ^^ (bad-whitespace)
W: 12, 0: Found indentation with tabs instead of spaces (mixed-indentation)
W: 13, 0: Found indentation with tabs instead of spaces (mixed-indentation)
C: 13, 0: Exactly one space required around assignment
		elif n[0]=='R' and n[1]=='S':
           ^^ (bad-whitespace)
C: 13, 0: Exactly one space required around assignment
		elif n[0]=='R' and n[1]=='S':
                         ^^ (bad-whitespace)
W: 14, 0: Found indentation with tabs instead of spaces (mixed-indentation)
C: 14, 0: Trailing whitespace (trailing-whitespace)
W: 15, 0: Found indentation with tabs instead of spaces (mixed-indentation)
C: 15, 0: Exactly one space required around assignment
		elif n[1]=='P' and n[0]=='R':
           ^^ (bad-whitespace)
C: 15, 0: Exactly one space required around assignment
		elif n[1]=='P' and n[0]=='R':
                         ^^ (bad-whitespace)
W: 16, 0: Found indentation with tabs instead of spaces (mixed-indentation)
W: 17, 0: Found indentation with tabs instead of spaces (mixed-indentation)
C: 17, 0: Exactly one space required around assignment
		elif n[1]=='S' and n[0]=='P':
           ^^ (bad-whitespace)
C: 17, 0: Exactly one space required around assignment
		elif n[1]=='S' and n[0]=='P':
                         ^^ (bad-whitespace)
W: 18, 0: Found indentation with tabs instead of spaces (mixed-indentation)
W: 19, 0: Found indentation with tabs instead of spaces (mixed-indentation)
C: 19, 0: Exactly one space required around assignment
		elif n[1]=='R' and n[0]=='S':
           ^^ (bad-whitespace)
C: 19, 0: Exactly one space required around assignment
		elif n[1]=='R' and n[0]=='S':
                         ^^ (bad-whitespace)
W: 20, 0: Found indentation with tabs instead of spaces (mixed-indentation)
W: 21, 0: Found indentation with tabs instead of spaces (mixed-indentation)
W: 22, 0: Found indentation with tabs instead of spaces (mixed-indentation)
W: 23, 0: Found indentation with tabs instead of spaces (mixed-indentation)
W: 24, 0: Found indentation with tabs instead of spaces (mixed-indentation)
C:  1, 0: Missing module docstring (missing-docstring)
C:  1, 0: Invalid constant name "nVal" (invalid-name)
C:  2, 0: Invalid constant name "response" (invalid-name)
C:  4, 0: Trailing whitespace (trailing-whitespace)
W:  5, 0: Found indentation with tabs instead of spaces (mixed-indentation)
W:  6, 0: Found indentation with tabs instead of spaces (mixed-indentation)
W:  7, 0: Found indentation with tabs instead of spaces (mixed-indentation)
W:  8, 0: Found indentation with tabs instead of spaces (mixed-indentation)
W:  9, 0: Found indentation with tabs instead of spaces (mixed-indentation)
C:  9, 0: Exactly one space required around assignment
		if n[0]=='P' and n[1]=='R':
         ^^ (bad-whitespace)
C:  9, 0: Exactly one space required around assignment
		if n[0]=='P' and n[1]=='R':
                       ^^ (bad-whitespace)
W: 10, 0: Found indentation with tabs instead of spaces (mixed-indentation)
W: 11, 0: Found indentation with tabs instead of spaces (mixed-indentation)
C: 11, 0: Exactly one space required around assignment
		elif n[0]=='S' and n[1]=='P':
           ^^ (bad-whitespace)
C: 11, 0: Exactly one space required around assignment
		elif n[0]=='S' and n[1]=='P':
                         ^^ (bad-whitespace)
W: 12, 0: Found indentation with tabs instead of spaces (mixed-indentation)
W: 13, 0: Found indentation with tabs instead of spaces (mixed-indentation)
C: 13, 0: Exactly one space required around assignment
		elif n[0]=='R' and n[1]=='S':
           ^^ (bad-whitespace)
C: 13, 0: Exactly one space required around assignment
		elif n[0]=='R' and n[1]=='S':
                         ^^ (bad-whitespace)
W: 14, 0: Found indentation with tabs instead of spaces (mixed-indentation)
C: 14, 0: Trailing whitespace (trailing-whitespace)
W: 15, 0: Found indentation with tabs instead of spaces (mixed-indentation)
C: 15, 0: Exactly one space required around assignment
		elif n[1]=='P' and n[0]=='R':
           ^^ (bad-whitespace)
C: 15, 0: Exactly one space required around assignment
		elif n[1]=='P' and n[0]=='R':
                         ^^ (bad-whitespace)
W: 16, 0: Found indentation with tabs instead of spaces (mixed-indentation)
W: 17, 0: Found indentation with tabs instead of spaces (mixed-indentation)
C: 17, 0: Exactly one space required around assignment
		elif n[1]=='S' and n[0]=='P':
           ^^ (bad-whitespace)
C: 17, 0: Exactly one space required around assignment
		elif n[1]=='S' and n[0]=='P':
                         ^^ (bad-whitespace)
W: 18, 0: Found indentation with tabs instead of spaces (mixed-indentation)
W: 19, 0: Found indentation with tabs instead of spaces (mixed-indentation)
C: 19, 0: Exactly one space required around assignment
		elif n[1]=='R' and n[0]=='S':
           ^^ (bad-whitespace)
C: 19, 0: Exactly one space required around assignment
		elif n[1]=='R' and n[0]=='S':
                         ^^ (bad-whitespace)
W: 20, 0: Found indentation with tabs instead of spaces (mixed-indentation)
W: 21, 0: Found indentation with tabs instead of spaces (mixed-indentation)
W: 22, 0: Found indentation with tabs instead of spaces (mixed-indentation)
W: 23, 0: Found indentation with tabs instead of spaces (mixed-indentation)
W: 24, 0: Found indentation with tabs instead of spaces (mixed-indentation)
C:  1, 0: Missing module docstring (missing-docstring)
C:  1, 0: Invalid constant name "nVal" (invalid-name)
C:  2, 0: Invalid constant name "response" (invalid-name)
C:  4, 0: Trailing whitespace (trailing-whitespace)
W:  5, 0: Found indentation with tabs instead of spaces (mixed-indentation)
W:  6, 0: Found indentation with tabs instead of spaces (mixed-indentation)
W:  7, 0: Found indentation with tabs instead of spaces (mixed-indentation)
W:  8, 0: Found indentation with tabs instead of spaces (mixed-indentation)
W:  9, 0: Found indentation with tabs instead of spaces (mixed-indentation)
C:  9, 0: Exactly one space required around assignment
		if n[0]=='P' and n[1]=='R':
         ^^ (bad-whitespace)
C:  9, 0: Exactly one space required around assignment
		if n[0]=='P' and n[1]=='R':
                       ^^ (bad-whitespace)
W: 10, 0: Found indentation with tabs instead of spaces (mixed-indentation)
W: 11, 0: Found indentation with tabs instead of spaces (mixed-indentation)
C: 11, 0: Exactly one space required around assignment
		elif n[0]=='S' and n[1]=='P':
           ^^ (bad-whitespace)
C: 11, 0: Exactly one space required around assignment
		elif n[0]=='S' and n[1]=='P':
                         ^^ (bad-whitespace)
W: 12, 0: Found indentation with tabs instead of spaces (mixed-indentation)
W: 13, 0: Found indentation with tabs instead of spaces (mixed-indentation)
C: 13, 0: Exactly one space required around assignment
		elif n[0]=='R' and n[1]=='S':
           ^^ (bad-whitespace)
C: 13, 0: Exactly one space required around assignment
		elif n[0]=='R' and n[1]=='S':
                         ^^ (bad-whitespace)
W: 14, 0: Found indentation with tabs instead of spaces (mixed-indentation)
C: 14, 0: Trailing whitespace (trailing-whitespace)
W: 15, 0: Found indentation with tabs instead of spaces (mixed-indentation)
C: 15, 0: Exactly one space required around assignment
		elif n[1]=='P' and n[0]=='R':
           ^^ (bad-whitespace)
C: 15, 0: Exactly one space required around assignment
		elif n[1]=='P' and n[0]=='R':
                         ^^ (bad-whitespace)
W: 16, 0: Found indentation with tabs instead of spaces (mixed-indentation)
W: 17, 0: Found indentation with tabs instead of spaces (mixed-indentation)
C: 17, 0: Exactly one space required around assignment
		elif n[1]=='S' and n[0]=='P':
           ^^ (bad-whitespace)
C: 17, 0: Exactly one space required around assignment
		elif n[1]=='S' and n[0]=='P':
                         ^^ (bad-whitespace)
W: 18, 0: Found indentation with tabs instead of spaces (mixed-indentation)
W: 19, 0: Found indentation with tabs instead of spaces (mixed-indentation)
C: 19, 0: Exactly one space required around assignment
		elif n[1]=='R' and n[0]=='S':
           ^^ (bad-whitespace)
C: 19, 0: Exactly one space required around assignment
		elif n[1]=='R' and n[0]=='S':
                         ^^ (bad-whitespace)
W: 20, 0: Found indentation with tabs instead of spaces (mixed-indentation)
W: 21, 0: Found indentation with tabs instead of spaces (mixed-indentation)
W: 22, 0: Found indentation with tabs instead of spaces (mixed-indentation)
W: 23, 0: Found indentation with tabs instead of spaces (mixed-indentation)
W: 24, 0: Found indentation with tabs instead of spaces (mixed-indentation)
C:  1, 0: Missing module docstring (missing-docstring)
C:  1, 0: Invalid constant name "nVal" (invalid-name)
C:  2, 0: Invalid constant name "response" (invalid-name)
C:  4, 0: Trailing whitespace (trailing-whitespace)
W:  5, 0: Found indentation with tabs instead of spaces (mixed-indentation)
W:  6, 0: Found indentation with tabs instead of spaces (mixed-indentation)
W:  7, 0: Found indentation with tabs instead of spaces (mixed-indentation)
W:  8, 0: Found indentation with tabs instead of spaces (mixed-indentation)
W:  9, 0: Found indentation with tabs instead of spaces (mixed-indentation)
C:  9, 0: Exactly one space required around assignment
		if n[0]=='P' and n[1]=='R':
         ^^ (bad-whitespace)
C:  9, 0: Exactly one space required around assignment
		if n[0]=='P' and n[1]=='R':
                       ^^ (bad-whitespace)
W: 10, 0: Found indentation with tabs instead of spaces (mixed-indentation)
W: 11, 0: Found indentation with tabs instead of spaces (mixed-indentation)
C: 11, 0: Exactly one space required around assignment
		elif n[0]=='S' and n[1]=='P':
           ^^ (bad-whitespace)
C: 11, 0: Exactly one space required around assignment
		elif n[0]=='S' and n[1]=='P':
                         ^^ (bad-whitespace)
W: 12, 0: Found indentation with tabs instead of spaces (mixed-indentation)
W: 13, 0: Found indentation with tabs instead of spaces (mixed-indentation)
C: 13, 0: Exactly one space required around assignment
		elif n[0]=='R' and n[1]=='S':
           ^^ (bad-whitespace)
C: 13, 0: Exactly one space required around assignment
		elif n[0]=='R' and n[1]=='S':
                         ^^ (bad-whitespace)
W: 14, 0: Found indentation with tabs instead of spaces (mixed-indentation)
C: 14, 0: Trailing whitespace (trailing-whitespace)
W: 15, 0: Found indentation with tabs instead of spaces (mixed-indentation)
C: 15, 0: Exactly one space required around assignment
		elif n[1]=='P' and n[0]=='R':
           ^^ (bad-whitespace)
C: 15, 0: Exactly one space required around assignment
		elif n[1]=='P' and n[0]=='R':
                         ^^ (bad-whitespace)
W: 16, 0: Found indentation with tabs instead of spaces (mixed-indentation)
W: 17, 0: Found indentation with tabs instead of spaces (mixed-indentation)
C: 17, 0: Exactly one space required around assignment
		elif n[1]=='S' and n[0]=='P':
           ^^ (bad-whitespace)
C: 17, 0: Exactly one space required around assignment
		elif n[1]=='S' and n[0]=='P':
                         ^^ (bad-whitespace)
W: 18, 0: Found indentation with tabs instead of spaces (mixed-indentation)
W: 19, 0: Found indentation with tabs instead of spaces (mixed-indentation)
C: 19, 0: Exactly one space required around assignment
		elif n[1]=='R' and n[0]=='S':
           ^^ (bad-whitespace)
C: 19, 0: Exactly one space required around assignment
		elif n[1]=='R' and n[0]=='S':
                         ^^ (bad-whitespace)
W: 20, 0: Found indentation with tabs instead of spaces (mixed-indentation)
W: 21, 0: Found indentation with tabs instead of spaces (mixed-indentation)
W: 22, 0: Found indentation with tabs instead of spaces (mixed-indentation)
W: 23, 0: Found indentation with tabs instead of spaces (mixed-indentation)
W: 24, 0: Found indentation with tabs instead of spaces (mixed-indentation)
C:  1, 0: Missing module docstring (missing-docstring)
C:  1, 0: Invalid constant name "nVal" (invalid-name)
C:  2, 0: Invalid constant name "response" (invalid-name)
C:  4, 0: Trailing whitespace (trailing-whitespace)
W:  5, 0: Found indentation with tabs instead of spaces (mixed-indentation)
W:  6, 0: Found indentation with tabs instead of spaces (mixed-indentation)
W:  7, 0: Found indentation with tabs instead of spaces (mixed-indentation)
W:  8, 0: Found indentation with tabs instead of spaces (mixed-indentation)
W:  9, 0: Found indentation with tabs instead of spaces (mixed-indentation)
C:  9, 0: Exactly one space required around assignment
		if n[0]=='P' and n[1]=='R':
         ^^ (bad-whitespace)
C:  9, 0: Exactly one space required around assignment
		if n[0]=='P' and n[1]=='R':
                       ^^ (bad-whitespace)
W: 10, 0: Found indentation with tabs instead of spaces (mixed-indentation)
W: 11, 0: Found indentation with tabs instead of spaces (mixed-indentation)
C: 11, 0: Exactly one space required around assignment
		elif n[0]=='S' and n[1]=='P':
           ^^ (bad-whitespace)
C: 11, 0: Exactly one space required around assignment
		elif n[0]=='S' and n[1]=='P':
                         ^^ (bad-whitespace)
W: 12, 0: Found indentation with tabs instead of spaces (mixed-indentation)
W: 13, 0: Found indentation with tabs instead of spaces (mixed-indentation)
C: 13, 0: Exactly one space required around assignment
		elif n[0]=='R' and n[1]=='S':
           ^^ (bad-whitespace)
C: 13, 0: Exactly one space required around assignment
		elif n[0]=='R' and n[1]=='S':
                         ^^ (bad-whitespace)
W: 14, 0: Found indentation with tabs instead of spaces (mixed-indentation)
C: 14, 0: Trailing whitespace (trailing-whitespace)
W: 15, 0: Found indentation with tabs instead of spaces (mixed-indentation)
C: 15, 0: Exactly one space required around assignment
		elif n[1]=='P' and n[0]=='R':
           ^^ (bad-whitespace)
C: 15, 0: Exactly one space required around assignment
		elif n[1]=='P' and n[0]=='R':
                         ^^ (bad-whitespace)
W: 16, 0: Found indentation with tabs instead of spaces (mixed-indentation)
W: 17, 0: Found indentation with tabs instead of spaces (mixed-indentation)
C: 17, 0: Exactly one space required around assignment
		elif n[1]=='S' and n[0]=='P':
           ^^ (bad-whitespace)
C: 17, 0: Exactly one space required around assignment
		elif n[1]=='S' and n[0]=='P':
                         ^^ (bad-whitespace)
W: 18, 0: Found indentation with tabs instead of spaces (mixed-indentation)
W: 19, 0: Found indentation with tabs instead of spaces (mixed-indentation)
C: 19, 0: Exactly one space required around assignment
		elif n[1]=='R' and n[0]=='S':
           ^^ (bad-whitespace)
C: 19, 0: Exactly one space required around assignment
		elif n[1]=='R' and n[0]=='S':
                         ^^ (bad-whitespace)
W: 20, 0: Found indentation with tabs instead of spaces (mixed-indentation)
W: 21, 0: Found indentation with tabs instead of spaces (mixed-indentation)
W: 22, 0: Found indentation with tabs instead of spaces (mixed-indentation)
W: 23, 0: Found indentation with tabs instead of spaces (mixed-indentation)
W: 24, 0: Found indentation with tabs instead of spaces (mixed-indentation)
C:  1, 0: Missing module docstring (missing-docstring)
C:  1, 0: Invalid constant name "nVal" (invalid-name)
C:  2, 0: Invalid constant name "response" (invalid-name)
C:  4, 0: Trailing whitespace (trailing-whitespace)
W:  5, 0: Found indentation with tabs instead of spaces (mixed-indentation)
W:  6, 0: Found indentation with tabs instead of spaces (mixed-indentation)
W:  7, 0: Found indentation with tabs instead of spaces (mixed-indentation)
W:  8, 0: Found indentation with tabs instead of spaces (mixed-indentation)
W:  9, 0: Found indentation with tabs instead of spaces (mixed-indentation)
C:  9, 0: Exactly one space required around assignment
		if n[0]=='P' and n[1]=='R':
         ^^ (bad-whitespace)
C:  9, 0: Exactly one space required around assignment
		if n[0]=='P' and n[1]=='R':
                       ^^ (bad-whitespace)
W: 10, 0: Found indentation with tabs instead of spaces (mixed-indentation)
W: 11, 0: Found indentation with tabs instead of spaces (mixed-indentation)
C: 11, 0: Exactly one space required around assignment
		elif n[0]=='S' and n[1]=='P':
           ^^ (bad-whitespace)
C: 11, 0: Exactly one space required around assignment
		elif n[0]=='S' and n[1]=='P':
                         ^^ (bad-whitespace)
W: 12, 0: Found indentation with tabs instead of spaces (mixed-indentation)
W: 13, 0: Found indentation with tabs instead of spaces (mixed-indentation)
C: 13, 0: Exactly one space required around assignment
		elif n[0]=='R' and n[1]=='S':
           ^^ (bad-whitespace)
C: 13, 0: Exactly one space required around assignment
		elif n[0]=='R' and n[1]=='S':
                         ^^ (bad-whitespace)
W: 14, 0: Found indentation with tabs instead of spaces (mixed-indentation)
C: 14, 0: Trailing whitespace (trailing-whitespace)
W: 15, 0: Found indentation with tabs instead of spaces (mixed-indentation)
C: 15, 0: Exactly one space required around assignment
		elif n[1]=='P' and n[0]=='R':
           ^^ (bad-whitespace)
C: 15, 0: Exactly one space required around assignment
		elif n[1]=='P' and n[0]=='R':
                         ^^ (bad-whitespace)
W: 16, 0: Found indentation with tabs instead of spaces (mixed-indentation)
W: 17, 0: Found indentation with tabs instead of spaces (mixed-indentation)
C: 17, 0: Exactly one space required around assignment
		elif n[1]=='S' and n[0]=='P':
           ^^ (bad-whitespace)
C: 17, 0: Exactly one space required around assignment
		elif n[1]=='S' and n[0]=='P':
                         ^^ (bad-whitespace)
W: 18, 0: Found indentation with tabs instead of spaces (mixed-indentation)
W: 19, 0: Found indentation with tabs instead of spaces (mixed-indentation)
C: 19, 0: Exactly one space required around assignment
		elif n[1]=='R' and n[0]=='S':
           ^^ (bad-whitespace)
C: 19, 0: Exactly one space required around assignment
		elif n[1]=='R' and n[0]=='S':
                         ^^ (bad-whitespace)
W: 20, 0: Found indentation with tabs instead of spaces (mixed-indentation)
W: 21, 0: Found indentation with tabs instead of spaces (mixed-indentation)
W: 22, 0: Found indentation with tabs instead of spaces (mixed-indentation)
W: 23, 0: Found indentation with tabs instead of spaces (mixed-indentation)
W: 24, 0: Found indentation with tabs instead of spaces (mixed-indentation)
C:  1, 0: Missing module docstring (missing-docstring)
C:  1, 0: Invalid constant name "nVal" (invalid-name)
C:  2, 0: Invalid constant name "response" (invalid-name)
R:  1, 0: Similar lines in 22 files
==john2104:0
==john2104:0
==john2104:0
==john2104:0
==john2104:0
==john2104:0
==john2104:0
==john2104:0
==john2104:0
==john2104:0
==john2104:0
==john2104:0
==john2104:0
==john2104:0
==john2104:0
==john2104:0
==john2104:0
==john2104:0
==john2104:0
==john2104:0
==john2104:0
==john2104:0
nVal = raw_input()
response = ''
for i in range(int(nVal)):

	plays = raw_input().split()
	count1 = 0
	count2 = 0
	for n in plays:
		if n[0]=='P' and n[1]=='R':
			count1 = count1 +1
		elif n[0]=='S' and n[1]=='P':
			count1 = count1 +1
		elif n[0]=='R' and n[1]=='S':
			count1 = count1 +1
		elif n[1]=='P' and n[0]=='R':
			count2 = count2 +1
		elif n[1]=='S' and n[0]=='P':
			count2 = count2 +1
		elif n[1]=='R' and n[0]=='S':
			count2 = count2 +1
	if count1 > count2:
		response = response + '1 '
	else:
		response = response +'2 '
print response (duplicate-code)


Report
======
507 statements analysed.

Messages by category
--------------------

+-----------+-------+---------+-----------+
|type       |number |previous |difference |
+===========+=======+=========+===========+
|convention |374    |NC       |NC         |
+-----------+-------+---------+-----------+
|refactor   |1      |NC       |NC         |
+-----------+-------+---------+-----------+
|warning    |440    |NC       |NC         |
+-----------+-------+---------+-----------+
|error      |0      |NC       |NC         |
+-----------+-------+---------+-----------+



Messages
--------

+--------------------+------------+
|message id          |occurrences |
+====================+============+
|mixed-indentation   |440         |
+--------------------+------------+
|bad-whitespace      |264         |
+--------------------+------------+
|trailing-whitespace |44          |
+--------------------+------------+
|invalid-name        |44          |
+--------------------+------------+
|missing-docstring   |22          |
+--------------------+------------+
|duplicate-code      |1           |
+--------------------+------------+



Global evaluation
-----------------
Your code has been rated at -6.07/10

Statistics by type
------------------

+---------+-------+-----------+-----------+------------+---------+
|type     |number |old number |difference |%documented |%badname |
+=========+=======+===========+===========+============+=========+
|module   |22     |NC         |NC         |0.00        |0.00     |
+---------+-------+-----------+-----------+------------+---------+
|class    |0      |NC         |NC         |0           |0        |
+---------+-------+-----------+-----------+------------+---------+
|method   |0      |NC         |NC         |0           |0        |
+---------+-------+-----------+-----------+------------+---------+
|function |0      |NC         |NC         |0           |0        |
+---------+-------+-----------+-----------+------------+---------+



Duplication
-----------

+-------------------------+-------+---------+-----------+
|                         |now    |previous |difference |
+=========================+=======+=========+===========+
|nb duplicated lines      |525    |NC       |NC         |
+-------------------------+-------+---------+-----------+
|percent duplicated lines |95.455 |NC       |NC         |
+-------------------------+-------+---------+-----------+



Raw metrics
-----------

+----------+-------+-------+---------+-----------+
|type      |number |%      |previous |difference |
+==========+=======+=======+=========+===========+
|code      |528    |100.00 |NC       |NC         |
+----------+-------+-------+---------+-----------+
|docstring |0      |0.00   |NC       |NC         |
+----------+-------+-------+---------+-----------+
|comment   |0      |0.00   |NC       |NC         |
+----------+-------+-------+---------+-----------+
|empty     |0      |0.00   |NC       |NC         |
+----------+-------+-------+---------+-----------+



